<?xml version="1.0" encoding="UTF-8"?>
<testsuites name="kelompok" time="10.286" tests="1" failures="0" errors="0">
   <testsuite name="kelompok" tests="1" failures="0" errors="0" time="10.286" skipped="0" timestamp="2022-06-27 12:01:04" hostname="A - DESKTOP-A4RBSR0" id="Test Suites/api testing/kelompok">
      <properties>
         <property name="deviceName" value=""/>
         <property name="devicePlatform" value=""/>
         <property name="logFolder" value="C:\\Users\\A\\Katalon Studio\\My First Web UI Project\\Reports\\20220627_120049\\api testing\\kelompok\\20220627_120049"/>
         <property name="logFiles" value="C:\\Users\\A\\Katalon Studio\\My First Web UI Project\\Reports\\20220627_120049\\api testing\\kelompok\\20220627_120049\\execution0.log"/>
         <property name="attachments" value=""/>
         <property name="hostName" value="A - DESKTOP-A4RBSR0"/>
         <property name="hostAddress" value="192.168.43.80"/>
         <property name="os" value="Windows 10 64bit"/>
         <property name="katalonVersion" value="8.3.5.208"/>
      </properties>
      <testcase name="Test Cases/kelompok/test case kelompok get data all" time="9.24" classname="Test Cases/kelompok/test case kelompok get data all" status="PASSED">
         <system-out><![CDATA[2022-06-27 12:01:05 - [TEST_CASE][PASSED] - Test Cases/kelompok/test case kelompok get data all: Test Cases/kelompok/test case kelompok get data all

2022-06-27 12:01:07 - [TEST_STEP][PASSED] - response = sendRequest(findTestObject("kelompok/kelompok get data all")): Send request successfully

2022-06-27 12:01:14 - [MESSAGE][INFO] - HAR: C:\Users\A\Katalon Studio\My First Web UI Project\Reports\20220627_120049\api testing\kelompok\20220627_120049\requests\main\0.har

2022-06-27 12:01:14 - [MESSAGE][PASSED] - Send request successfully

2022-06-27 12:01:14 - [TEST_STEP][PASSED] - verifyResponseStatusCode(response, 200): Verify response status code successfully

2022-06-27 12:01:14 - [MESSAGE][PASSED] - Verify response status code successfully

2022-06-27 12:01:14 - [TEST_STEP][PASSED] - verifyElementPropertyValue(response, "[0].idKelompok", 4): Verify element property value successfully

2022-06-27 12:01:15 - [MESSAGE][PASSED] - Verify element property value successfully]]></system-out>
         <system-err><![CDATA[]]></system-err>
      </testcase>
      <system-out><![CDATA[2022-06-27 12:01:04 - [TEST_SUITE][PASSED] - kelompok: Test Cases/kelompok/test case kelompok get data all]]></system-out>
      <system-err><![CDATA[]]></system-err>
   </testsuite>
</testsuites>
