<?xml version="1.0" encoding="UTF-8"?>
<testsuites name="report" time="28.474" tests="8" failures="0" errors="0">
   <testsuite name="report" tests="8" failures="0" errors="0" time="28.474" skipped="0" timestamp="2022-06-27 14:20:30" hostname="A - DESKTOP-A4RBSR0" id="Test Suites/api testing/report">
      <properties>
         <property name="deviceName" value=""/>
         <property name="devicePlatform" value=""/>
         <property name="logFolder" value="C:\\Users\\A\\Katalon Studio\\My First Web UI Project\\Reports\\20220627_142016\\api testing\\report\\20220627_142016"/>
         <property name="logFiles" value="C:\\Users\\A\\Katalon Studio\\My First Web UI Project\\Reports\\20220627_142016\\api testing\\report\\20220627_142016\\execution0.log"/>
         <property name="attachments" value=""/>
         <property name="hostName" value="A - DESKTOP-A4RBSR0"/>
         <property name="hostAddress" value="192.168.43.80"/>
         <property name="os" value="Windows 10 64bit"/>
         <property name="katalonVersion" value="8.3.5.208"/>
      </properties>
      <testcase name="Test Cases/booking/test case booking get data all" time="9.527" classname="Test Cases/booking/test case booking get data all" status="PASSED">
         <system-out><![CDATA[2022-06-27 14:20:32 - [TEST_CASE][PASSED] - Test Cases/booking/test case booking get data all: Test Cases/booking/test case booking get data all

2022-06-27 14:20:33 - [TEST_STEP][PASSED] - response = sendRequest(findTestObject("booking/booking get data all")): Send request successfully

2022-06-27 14:20:40 - [MESSAGE][INFO] - HAR: C:\Users\A\Katalon Studio\My First Web UI Project\Reports\20220627_142016\api testing\report\20220627_142016\requests\main\0.har

2022-06-27 14:20:41 - [MESSAGE][PASSED] - Send request successfully

2022-06-27 14:20:41 - [TEST_STEP][PASSED] - verifyResponseStatusCode(response, 200): Verify response status code successfully

2022-06-27 14:20:41 - [MESSAGE][PASSED] - Verify response status code successfully]]></system-out>
         <system-err><![CDATA[]]></system-err>
      </testcase>
      <testcase name="Test Cases/kelompok/test case kelompok get data all" time="2.645" classname="Test Cases/kelompok/test case kelompok get data all" status="PASSED">
         <system-out><![CDATA[2022-06-27 14:20:41 - [TEST_CASE][PASSED] - Test Cases/kelompok/test case kelompok get data all: Test Cases/kelompok/test case kelompok get data all

2022-06-27 14:20:42 - [TEST_STEP][PASSED] - response = sendRequest(findTestObject("kelompok/kelompok get data all")): Send request successfully

2022-06-27 14:20:44 - [MESSAGE][INFO] - HAR: C:\Users\A\Katalon Studio\My First Web UI Project\Reports\20220627_142016\api testing\report\20220627_142016\requests\main\1.har

2022-06-27 14:20:44 - [MESSAGE][PASSED] - Send request successfully

2022-06-27 14:20:44 - [TEST_STEP][PASSED] - verifyResponseStatusCode(response, 200): Verify response status code successfully

2022-06-27 14:20:44 - [MESSAGE][PASSED] - Verify response status code successfully]]></system-out>
         <system-err><![CDATA[]]></system-err>
      </testcase>
      <testcase name="Test Cases/schedule/test case schedule get data all" time="2.339" classname="Test Cases/schedule/test case schedule get data all" status="PASSED">
         <system-out><![CDATA[2022-06-27 14:20:44 - [TEST_CASE][PASSED] - Test Cases/schedule/test case schedule get data all: Test Cases/schedule/test case schedule get data all

2022-06-27 14:20:45 - [TEST_STEP][PASSED] - response = sendRequest(findTestObject("schedule/schedule get data all")): Send request successfully

2022-06-27 14:20:46 - [MESSAGE][INFO] - HAR: C:\Users\A\Katalon Studio\My First Web UI Project\Reports\20220627_142016\api testing\report\20220627_142016\requests\main\2.har

2022-06-27 14:20:46 - [MESSAGE][PASSED] - Send request successfully

2022-06-27 14:20:46 - [TEST_STEP][PASSED] - verifyResponseStatusCode(response, 200): Verify response status code successfully

2022-06-27 14:20:46 - [MESSAGE][PASSED] - Verify response status code successfully]]></system-out>
         <system-err><![CDATA[]]></system-err>
      </testcase>
      <testcase name="Test Cases/session/test case session get data all" time="2.509" classname="Test Cases/session/test case session get data all" status="PASSED">
         <system-out><![CDATA[2022-06-27 14:20:46 - [TEST_CASE][PASSED] - Test Cases/session/test case session get data all: Test Cases/session/test case session get data all

2022-06-27 14:20:47 - [TEST_STEP][PASSED] - response = sendRequest(findTestObject("session/session get data all")): Send request successfully

2022-06-27 14:20:49 - [MESSAGE][INFO] - HAR: C:\Users\A\Katalon Studio\My First Web UI Project\Reports\20220627_142016\api testing\report\20220627_142016\requests\main\3.har

2022-06-27 14:20:49 - [MESSAGE][PASSED] - Send request successfully

2022-06-27 14:20:49 - [TEST_STEP][PASSED] - verifyResponseStatusCode(response, 200): Verify response status code successfully

2022-06-27 14:20:49 - [MESSAGE][PASSED] - Verify response status code successfully]]></system-out>
         <system-err><![CDATA[]]></system-err>
      </testcase>
      <testcase name="Test Cases/user/test case user get data all" time="2.47" classname="Test Cases/user/test case user get data all" status="PASSED">
         <system-out><![CDATA[2022-06-27 14:20:49 - [TEST_CASE][PASSED] - Test Cases/user/test case user get data all: Test Cases/user/test case user get data all

2022-06-27 14:20:50 - [TEST_STEP][PASSED] - response = sendRequest(findTestObject("user/user get data all")): Send request successfully

2022-06-27 14:20:51 - [MESSAGE][INFO] - HAR: C:\Users\A\Katalon Studio\My First Web UI Project\Reports\20220627_142016\api testing\report\20220627_142016\requests\main\4.har

2022-06-27 14:20:51 - [MESSAGE][PASSED] - Send request successfully

2022-06-27 14:20:51 - [TEST_STEP][PASSED] - verifyResponseStatusCode(response, 200): Verify response status code successfully

2022-06-27 14:20:51 - [MESSAGE][PASSED] - Verify response status code successfully

2022-06-27 14:20:51 - [TEST_STEP][PASSED] - verifyElementPropertyValue(response, "[0].idUser", 24): Verify element property value successfully

2022-06-27 14:20:51 - [MESSAGE][PASSED] - Verify element property value successfully]]></system-out>
         <system-err><![CDATA[]]></system-err>
      </testcase>
      <testcase name="Test Cases/vaksin/test case vaksin get data all" time="2.197" classname="Test Cases/vaksin/test case vaksin get data all" status="PASSED">
         <system-out><![CDATA[2022-06-27 14:20:51 - [TEST_CASE][PASSED] - Test Cases/vaksin/test case vaksin get data all: Test Cases/vaksin/test case vaksin get data all

2022-06-27 14:20:52 - [TEST_STEP][PASSED] - response = sendRequest(findTestObject("vaksin/vaksin get data all")): Send request successfully

2022-06-27 14:20:53 - [MESSAGE][INFO] - HAR: C:\Users\A\Katalon Studio\My First Web UI Project\Reports\20220627_142016\api testing\report\20220627_142016\requests\main\5.har

2022-06-27 14:20:53 - [MESSAGE][PASSED] - Send request successfully

2022-06-27 14:20:53 - [TEST_STEP][PASSED] - verifyResponseStatusCode(response, 200): Verify response status code successfully

2022-06-27 14:20:53 - [MESSAGE][PASSED] - Verify response status code successfully]]></system-out>
         <system-err><![CDATA[]]></system-err>
      </testcase>
      <testcase name="Test Cases/user/test case user get user by id" time="2.558" classname="Test Cases/user/test case user get user by id" status="PASSED">
         <system-out><![CDATA[2022-06-27 14:20:53 - [TEST_CASE][PASSED] - Test Cases/user/test case user get user by id: Test Cases/user/test case user get user by id

2022-06-27 14:20:54 - [TEST_STEP][PASSED] - response = sendRequest(findTestObject("user/user get user by id")): Send request successfully

2022-06-27 14:20:56 - [MESSAGE][INFO] - HAR: C:\Users\A\Katalon Studio\My First Web UI Project\Reports\20220627_142016\api testing\report\20220627_142016\requests\main\6.har

2022-06-27 14:20:56 - [MESSAGE][PASSED] - Send request successfully

2022-06-27 14:20:56 - [TEST_STEP][PASSED] - verifyElementPropertyValue(response, "idUser", 24): Verify element property value successfully

2022-06-27 14:20:56 - [MESSAGE][PASSED] - Verify element property value successfully]]></system-out>
         <system-err><![CDATA[]]></system-err>
      </testcase>
      <testcase name="Test Cases/user/test case create user" time="2.931" classname="Test Cases/user/test case create user" status="PASSED">
         <system-out><![CDATA[2022-06-27 14:20:56 - [TEST_CASE][PASSED] - Test Cases/user/test case create user: Test Cases/user/test case create user

2022-06-27 14:20:57 - [TEST_STEP][PASSED] - response = sendRequest(findTestObject("user/create user", ["variable":""])): Send request successfully

2022-06-27 14:20:59 - [MESSAGE][INFO] - HAR: C:\Users\A\Katalon Studio\My First Web UI Project\Reports\20220627_142016\api testing\report\20220627_142016\requests\main\7.har

2022-06-27 14:20:59 - [MESSAGE][PASSED] - Send request successfully

2022-06-27 14:20:59 - [TEST_STEP][PASSED] - verifyResponseStatusCode(response, 200): Verify response status code successfully

2022-06-27 14:20:59 - [MESSAGE][PASSED] - Verify response status code successfully

2022-06-27 14:20:59 - [TEST_STEP][PASSED] - verifyElementPropertyValue(response, "email", "jakejohn@email.com"): Verify element property value successfully

2022-06-27 14:20:59 - [MESSAGE][PASSED] - Verify element property value successfully]]></system-out>
         <system-err><![CDATA[]]></system-err>
      </testcase>
      <system-out><![CDATA[2022-06-27 14:20:30 - [TEST_SUITE][PASSED] - report: Test Cases/user/test case create user]]></system-out>
      <system-err><![CDATA[]]></system-err>
   </testsuite>
</testsuites>
