<?xml version="1.0" encoding="UTF-8"?>
<testsuites name="Report Testing Web" time="67.087" tests="5" failures="0" errors="0">
   <testsuite name="Report Testing Web" tests="5" failures="0" errors="0" time="67.087" skipped="0" timestamp="2022-07-01 17:19:19" hostname="A - DESKTOP-A4RBSR0" id="Test Suites/report web vaccine/Report Testing Web">
      <properties>
         <property name="deviceName" value=""/>
         <property name="devicePlatform" value=""/>
         <property name="logFolder" value="C:\\Users\\A\\Katalon Studio\\Testing Web\\Reports\\20220701_171910\\report web vaccine\\Report Testing Web\\20220701_171910"/>
         <property name="logFiles" value="C:\\Users\\A\\Katalon Studio\\Testing Web\\Reports\\20220701_171910\\report web vaccine\\Report Testing Web\\20220701_171910\\execution0.log"/>
         <property name="attachments" value=""/>
         <property name="hostName" value="A - DESKTOP-A4RBSR0"/>
         <property name="os" value="Windows 10 64bit"/>
         <property name="katalonVersion" value="8.3.5.208"/>
         <property name="browser" value="Chrome 103.0.5060.66"/>
         <property name="hostAddress" value="192.168.43.80"/>
         <property name="sessionId" value="543f9e248a14c7cb89fc4559389f6a6d"/>
         <property name="seleniumVersion" value="3.141.59"/>
         <property name="proxyInformation" value="ProxyInformation { proxyOption=NO_PROXY, proxyServerType=HTTP, username=, password=********, proxyServerAddress=, proxyServerPort=0, executionList=&quot;&quot;, isApplyToDesiredCapabilities=true }"/>
         <property name="platform" value="Windows 10"/>
      </properties>
      <testcase name="Test Cases/Logout/Test Case logout" time="16.353" classname="Test Cases/Logout/Test Case logout" status="PASSED">
         <system-out><![CDATA[2022-07-01 17:19:21 - [TEST_CASE][PASSED] - Test Cases/Logout/Test Case logout: Test Cases/Logout/Test Case logout

2022-07-01 17:19:22 - [TEST_STEP][PASSED] - openBrowser(""): Browser is opened with url: ''

2022-07-01 17:19:23 - [MESSAGE][INFO] - Starting 'Chrome' driver

2022-07-01 17:19:23 - [MESSAGE][INFO] - Action delay is set to 0 milliseconds

2022-07-01 17:19:28 - [MESSAGE][PASSED] - Browser is opened with url: ''

2022-07-01 17:19:28 - [TEST_STEP][PASSED] - navigateToUrl("https://testing-vaccine.vercel.app/"): Navigate to 'https://testing-vaccine.vercel.app/' successfully

2022-07-01 17:19:31 - [MESSAGE][PASSED] - Navigate to 'https://testing-vaccine.vercel.app/' successfully

2022-07-01 17:19:31 - [TEST_STEP][PASSED] - click(findTestObject("Object Repository/logout/Page_VaksinQu/a_Logout")): Object: 'Object Repository/logout/Page_VaksinQu/a_Logout' is clicked on

2022-07-01 17:19:35 - [MESSAGE][PASSED] - Object: 'Object Repository/logout/Page_VaksinQu/a_Logout' is clicked on

2022-07-01 17:19:35 - [TEST_STEP][PASSED] - closeBrowser(): Browser is closed

2022-07-01 17:19:37 - [MESSAGE][PASSED] - Browser is closed]]></system-out>
         <system-err><![CDATA[]]></system-err>
      </testcase>
      <testcase name="Test Cases/Information Covid Dashboard/test case information gejala covid" time="10.827" classname="Test Cases/Information Covid Dashboard/test case information gejala covid" status="PASSED">
         <system-out><![CDATA[2022-07-01 17:19:37 - [TEST_CASE][PASSED] - Test Cases/Information Covid Dashboard/test case information gejala covid: Test Cases/Information Covid Dashboard/test case information gejala covid

2022-07-01 17:19:38 - [TEST_STEP][PASSED] - openBrowser(""): Browser is opened with url: ''

2022-07-01 17:19:38 - [MESSAGE][INFO] - Starting 'Chrome' driver

2022-07-01 17:19:38 - [MESSAGE][INFO] - Action delay is set to 0 milliseconds

2022-07-01 17:19:41 - [MESSAGE][PASSED] - Browser is opened with url: ''

2022-07-01 17:19:41 - [TEST_STEP][PASSED] - navigateToUrl("https://testing-vaccine.vercel.app/"): Navigate to 'https://testing-vaccine.vercel.app/' successfully

2022-07-01 17:19:43 - [MESSAGE][PASSED] - Navigate to 'https://testing-vaccine.vercel.app/' successfully

2022-07-01 17:19:43 - [TEST_STEP][PASSED] - click(findTestObject("Object Repository/gejala/Page_VaksinQu/button_Gejala")): Object: 'Object Repository/gejala/Page_VaksinQu/button_Gejala' is clicked on

2022-07-01 17:19:47 - [MESSAGE][PASSED] - Object: 'Object Repository/gejala/Page_VaksinQu/button_Gejala' is clicked on

2022-07-01 17:19:47 - [TEST_STEP][PASSED] - closeBrowser(): Browser is closed

2022-07-01 17:19:48 - [MESSAGE][PASSED] - Browser is closed]]></system-out>
         <system-err><![CDATA[]]></system-err>
      </testcase>
      <testcase name="Test Cases/Information Covid Dashboard/test case pencegahan covid" time="11.816" classname="Test Cases/Information Covid Dashboard/test case pencegahan covid" status="PASSED">
         <system-out><![CDATA[2022-07-01 17:19:48 - [TEST_CASE][PASSED] - Test Cases/Information Covid Dashboard/test case pencegahan covid: Test Cases/Information Covid Dashboard/test case pencegahan covid

2022-07-01 17:19:49 - [TEST_STEP][PASSED] - openBrowser(""): Browser is opened with url: ''

2022-07-01 17:19:49 - [MESSAGE][INFO] - Starting 'Chrome' driver

2022-07-01 17:19:49 - [MESSAGE][INFO] - Action delay is set to 0 milliseconds

2022-07-01 17:19:51 - [MESSAGE][PASSED] - Browser is opened with url: ''

2022-07-01 17:19:51 - [TEST_STEP][PASSED] - navigateToUrl("https://testing-vaccine.vercel.app/"): Navigate to 'https://testing-vaccine.vercel.app/' successfully

2022-07-01 17:19:54 - [MESSAGE][PASSED] - Navigate to 'https://testing-vaccine.vercel.app/' successfully

2022-07-01 17:19:54 - [TEST_STEP][PASSED] - click(findTestObject("Object Repository/pencegahan covid/Page_VaksinQu/button_Pencegahan")): Object: 'Object Repository/pencegahan covid/Page_VaksinQu/button_Pencegahan' is clicked on

2022-07-01 17:19:58 - [MESSAGE][PASSED] - Object: 'Object Repository/pencegahan covid/Page_VaksinQu/button_Pencegahan' is clicked on

2022-07-01 17:19:58 - [TEST_STEP][PASSED] - closeBrowser(): Browser is closed

2022-07-01 17:20:00 - [MESSAGE][PASSED] - Browser is closed]]></system-out>
         <system-err><![CDATA[]]></system-err>
      </testcase>
      <testcase name="Test Cases/Information Covid Dashboard/test case perawatan isolasi mandiri" time="13.082" classname="Test Cases/Information Covid Dashboard/test case perawatan isolasi mandiri" status="PASSED">
         <system-out><![CDATA[2022-07-01 17:20:00 - [TEST_CASE][PASSED] - Test Cases/Information Covid Dashboard/test case perawatan isolasi mandiri: Test Cases/Information Covid Dashboard/test case perawatan isolasi mandiri

2022-07-01 17:20:01 - [TEST_STEP][PASSED] - openBrowser(""): Browser is opened with url: ''

2022-07-01 17:20:01 - [MESSAGE][INFO] - Starting 'Chrome' driver

2022-07-01 17:20:01 - [MESSAGE][INFO] - Action delay is set to 0 milliseconds

2022-07-01 17:20:03 - [MESSAGE][PASSED] - Browser is opened with url: ''

2022-07-01 17:20:03 - [TEST_STEP][PASSED] - navigateToUrl("https://testing-vaccine.vercel.app/"): Navigate to 'https://testing-vaccine.vercel.app/' successfully

2022-07-01 17:20:06 - [MESSAGE][PASSED] - Navigate to 'https://testing-vaccine.vercel.app/' successfully

2022-07-01 17:20:06 - [TEST_STEP][PASSED] - click(findTestObject("Object Repository/perawatan isolasi mandiri/Page_VaksinQu/button_Perawatan")): Object: 'Object Repository/perawatan isolasi mandiri/Page_VaksinQu/button_Perawatan' is clicked on

2022-07-01 17:20:09 - [MESSAGE][PASSED] - Object: 'Object Repository/perawatan isolasi mandiri/Page_VaksinQu/button_Perawatan' is clicked on

2022-07-01 17:20:09 - [TEST_STEP][PASSED] - click(findTestObject("Object Repository/perawatan isolasi mandiri/Page_VaksinQu/div_Isolasi Mandiri")): Object: 'Object Repository/perawatan isolasi mandiri/Page_VaksinQu/div_Isolasi Mandiri' is clicked on

2022-07-01 17:20:10 - [MESSAGE][PASSED] - Object: 'Object Repository/perawatan isolasi mandiri/Page_VaksinQu/div_Isolasi Mandiri' is clicked on

2022-07-01 17:20:10 - [TEST_STEP][PASSED] - click(findTestObject("Object Repository/perawatan isolasi mandiri/Page_VaksinQu/div_Isolasi Mandiri")): Object: 'Object Repository/perawatan isolasi mandiri/Page_VaksinQu/div_Isolasi Mandiri' is clicked on

2022-07-01 17:20:11 - [MESSAGE][PASSED] - Object: 'Object Repository/perawatan isolasi mandiri/Page_VaksinQu/div_Isolasi Mandiri' is clicked on

2022-07-01 17:20:11 - [TEST_STEP][PASSED] - closeBrowser(): Browser is closed

2022-07-01 17:20:13 - [MESSAGE][PASSED] - Browser is closed]]></system-out>
         <system-err><![CDATA[]]></system-err>
      </testcase>
      <testcase name="Test Cases/Information Covid Dashboard/test case perawatan terapi medis" time="13.831" classname="Test Cases/Information Covid Dashboard/test case perawatan terapi medis" status="PASSED">
         <system-out><![CDATA[2022-07-01 17:20:13 - [TEST_CASE][PASSED] - Test Cases/Information Covid Dashboard/test case perawatan terapi medis: Test Cases/Information Covid Dashboard/test case perawatan terapi medis

2022-07-01 17:20:14 - [TEST_STEP][PASSED] - openBrowser(""): Browser is opened with url: ''

2022-07-01 17:20:14 - [MESSAGE][INFO] - Starting 'Chrome' driver

2022-07-01 17:20:14 - [MESSAGE][INFO] - Action delay is set to 0 milliseconds

2022-07-01 17:20:16 - [MESSAGE][PASSED] - Browser is opened with url: ''

2022-07-01 17:20:16 - [TEST_STEP][PASSED] - navigateToUrl("https://testing-vaccine.vercel.app/"): Navigate to 'https://testing-vaccine.vercel.app/' successfully

2022-07-01 17:20:19 - [MESSAGE][PASSED] - Navigate to 'https://testing-vaccine.vercel.app/' successfully

2022-07-01 17:20:19 - [TEST_STEP][PASSED] - click(findTestObject("Object Repository/perawatan terapi medis/Page_VaksinQu/button_Perawatan")): Object: 'Object Repository/perawatan terapi medis/Page_VaksinQu/button_Perawatan' is clicked on

2022-07-01 17:20:23 - [MESSAGE][PASSED] - Object: 'Object Repository/perawatan terapi medis/Page_VaksinQu/button_Perawatan' is clicked on

2022-07-01 17:20:23 - [TEST_STEP][PASSED] - click(findTestObject("Object Repository/perawatan terapi medis/Page_VaksinQu/div_Isolasi Mandiri")): Object: 'Object Repository/perawatan terapi medis/Page_VaksinQu/div_Isolasi Mandiri' is clicked on

2022-07-01 17:20:24 - [MESSAGE][PASSED] - Object: 'Object Repository/perawatan terapi medis/Page_VaksinQu/div_Isolasi Mandiri' is clicked on

2022-07-01 17:20:24 - [TEST_STEP][PASSED] - click(findTestObject("Object Repository/perawatan terapi medis/Page_VaksinQu/div_Terapi Medis")): Object: 'Object Repository/perawatan terapi medis/Page_VaksinQu/div_Terapi Medis' is clicked on

2022-07-01 17:20:25 - [MESSAGE][PASSED] - Object: 'Object Repository/perawatan terapi medis/Page_VaksinQu/div_Terapi Medis' is clicked on

2022-07-01 17:20:25 - [TEST_STEP][PASSED] - closeBrowser(): Browser is closed

2022-07-01 17:20:26 - [MESSAGE][PASSED] - Browser is closed]]></system-out>
         <system-err><![CDATA[]]></system-err>
      </testcase>
      <system-out><![CDATA[2022-07-01 17:19:19 - [TEST_SUITE][PASSED] - Report Testing Web: Test Cases/Information Covid Dashboard/test case perawatan terapi medis]]></system-out>
      <system-err><![CDATA[]]></system-err>
   </testsuite>
</testsuites>
