<?xml version="1.0" encoding="UTF-8"?>
<testsuites name="report" time="44.497" tests="13" failures="0" errors="0">
   <testsuite name="report" tests="13" failures="0" errors="0" time="44.497" skipped="0" timestamp="2022-06-27 16:16:49" hostname="A - DESKTOP-A4RBSR0" id="Test Suites/api testing/report">
      <properties>
         <property name="deviceName" value=""/>
         <property name="devicePlatform" value=""/>
         <property name="logFolder" value="C:\\Users\\A\\Katalon Studio\\My First Web UI Project\\Reports\\20220627_161632\\api testing\\report\\20220627_161632"/>
         <property name="logFiles" value="C:\\Users\\A\\Katalon Studio\\My First Web UI Project\\Reports\\20220627_161632\\api testing\\report\\20220627_161632\\execution0.log"/>
         <property name="attachments" value=""/>
         <property name="hostName" value="A - DESKTOP-A4RBSR0"/>
         <property name="hostAddress" value="192.168.43.80"/>
         <property name="os" value="Windows 10 64bit"/>
         <property name="katalonVersion" value="8.3.5.208"/>
      </properties>
      <testcase name="Test Cases/booking/test case booking get data all" time="10.003" classname="Test Cases/booking/test case booking get data all" status="PASSED">
         <system-out><![CDATA[2022-06-27 16:16:51 - [TEST_CASE][PASSED] - Test Cases/booking/test case booking get data all: Test Cases/booking/test case booking get data all

2022-06-27 16:16:52 - [TEST_STEP][PASSED] - response = sendRequest(findTestObject("booking/booking get data all")): Send request successfully

2022-06-27 16:17:00 - [MESSAGE][INFO] - HAR: C:\Users\A\Katalon Studio\My First Web UI Project\Reports\20220627_161632\api testing\report\20220627_161632\requests\main\0.har

2022-06-27 16:17:00 - [MESSAGE][PASSED] - Send request successfully

2022-06-27 16:17:00 - [TEST_STEP][PASSED] - verifyResponseStatusCode(response, 200): Verify response status code successfully

2022-06-27 16:17:01 - [MESSAGE][PASSED] - Verify response status code successfully]]></system-out>
         <system-err><![CDATA[]]></system-err>
      </testcase>
      <testcase name="Test Cases/kelompok/test case kelompok get data all" time="2.576" classname="Test Cases/kelompok/test case kelompok get data all" status="PASSED">
         <system-out><![CDATA[2022-06-27 16:17:01 - [TEST_CASE][PASSED] - Test Cases/kelompok/test case kelompok get data all: Test Cases/kelompok/test case kelompok get data all

2022-06-27 16:17:02 - [TEST_STEP][PASSED] - response = sendRequest(findTestObject("kelompok/kelompok get data all")): Send request successfully

2022-06-27 16:17:03 - [MESSAGE][INFO] - HAR: C:\Users\A\Katalon Studio\My First Web UI Project\Reports\20220627_161632\api testing\report\20220627_161632\requests\main\1.har

2022-06-27 16:17:03 - [MESSAGE][PASSED] - Send request successfully

2022-06-27 16:17:03 - [TEST_STEP][PASSED] - verifyResponseStatusCode(response, 200): Verify response status code successfully

2022-06-27 16:17:03 - [MESSAGE][PASSED] - Verify response status code successfully]]></system-out>
         <system-err><![CDATA[]]></system-err>
      </testcase>
      <testcase name="Test Cases/schedule/test case schedule get data all" time="2.659" classname="Test Cases/schedule/test case schedule get data all" status="PASSED">
         <system-out><![CDATA[2022-06-27 16:17:03 - [TEST_CASE][PASSED] - Test Cases/schedule/test case schedule get data all: Test Cases/schedule/test case schedule get data all

2022-06-27 16:17:05 - [TEST_STEP][PASSED] - response = sendRequest(findTestObject("schedule/schedule get data all")): Send request successfully

2022-06-27 16:17:06 - [MESSAGE][INFO] - HAR: C:\Users\A\Katalon Studio\My First Web UI Project\Reports\20220627_161632\api testing\report\20220627_161632\requests\main\2.har

2022-06-27 16:17:06 - [MESSAGE][PASSED] - Send request successfully

2022-06-27 16:17:06 - [TEST_STEP][PASSED] - verifyResponseStatusCode(response, 200): Verify response status code successfully

2022-06-27 16:17:06 - [MESSAGE][PASSED] - Verify response status code successfully]]></system-out>
         <system-err><![CDATA[]]></system-err>
      </testcase>
      <testcase name="Test Cases/session/test case session get data all" time="2.689" classname="Test Cases/session/test case session get data all" status="PASSED">
         <system-out><![CDATA[2022-06-27 16:17:06 - [TEST_CASE][PASSED] - Test Cases/session/test case session get data all: Test Cases/session/test case session get data all

2022-06-27 16:17:07 - [TEST_STEP][PASSED] - response = sendRequest(findTestObject("session/session get data all")): Send request successfully

2022-06-27 16:17:09 - [MESSAGE][INFO] - HAR: C:\Users\A\Katalon Studio\My First Web UI Project\Reports\20220627_161632\api testing\report\20220627_161632\requests\main\3.har

2022-06-27 16:17:09 - [MESSAGE][PASSED] - Send request successfully

2022-06-27 16:17:09 - [TEST_STEP][PASSED] - verifyResponseStatusCode(response, 200): Verify response status code successfully

2022-06-27 16:17:09 - [MESSAGE][PASSED] - Verify response status code successfully]]></system-out>
         <system-err><![CDATA[]]></system-err>
      </testcase>
      <testcase name="Test Cases/user/test case user get data all" time="2.555" classname="Test Cases/user/test case user get data all" status="PASSED">
         <system-out><![CDATA[2022-06-27 16:17:09 - [TEST_CASE][PASSED] - Test Cases/user/test case user get data all: Test Cases/user/test case user get data all

2022-06-27 16:17:10 - [TEST_STEP][PASSED] - response = sendRequest(findTestObject("user/user get data all")): Send request successfully

2022-06-27 16:17:11 - [MESSAGE][INFO] - HAR: C:\Users\A\Katalon Studio\My First Web UI Project\Reports\20220627_161632\api testing\report\20220627_161632\requests\main\4.har

2022-06-27 16:17:11 - [MESSAGE][PASSED] - Send request successfully

2022-06-27 16:17:11 - [TEST_STEP][PASSED] - verifyResponseStatusCode(response, 200): Verify response status code successfully

2022-06-27 16:17:11 - [MESSAGE][PASSED] - Verify response status code successfully

2022-06-27 16:17:11 - [TEST_STEP][PASSED] - verifyElementPropertyValue(response, "[0].idUser", 24): Verify element property value successfully

2022-06-27 16:17:11 - [MESSAGE][PASSED] - Verify element property value successfully]]></system-out>
         <system-err><![CDATA[]]></system-err>
      </testcase>
      <testcase name="Test Cases/vaksin/test case vaksin get data all" time="2.184" classname="Test Cases/vaksin/test case vaksin get data all" status="PASSED">
         <system-out><![CDATA[2022-06-27 16:17:11 - [TEST_CASE][PASSED] - Test Cases/vaksin/test case vaksin get data all: Test Cases/vaksin/test case vaksin get data all

2022-06-27 16:17:12 - [TEST_STEP][PASSED] - response = sendRequest(findTestObject("vaksin/vaksin get data all")): Send request successfully

2022-06-27 16:17:14 - [MESSAGE][INFO] - HAR: C:\Users\A\Katalon Studio\My First Web UI Project\Reports\20220627_161632\api testing\report\20220627_161632\requests\main\5.har

2022-06-27 16:17:14 - [MESSAGE][PASSED] - Send request successfully

2022-06-27 16:17:14 - [TEST_STEP][PASSED] - verifyResponseStatusCode(response, 200): Verify response status code successfully

2022-06-27 16:17:14 - [MESSAGE][PASSED] - Verify response status code successfully]]></system-out>
         <system-err><![CDATA[]]></system-err>
      </testcase>
      <testcase name="Test Cases/user/test case user get user by id" time="2.246" classname="Test Cases/user/test case user get user by id" status="PASSED">
         <system-out><![CDATA[2022-06-27 16:17:14 - [TEST_CASE][PASSED] - Test Cases/user/test case user get user by id: Test Cases/user/test case user get user by id

2022-06-27 16:17:14 - [TEST_STEP][PASSED] - response = sendRequest(findTestObject("user/user get user by id")): Send request successfully

2022-06-27 16:17:16 - [MESSAGE][INFO] - HAR: C:\Users\A\Katalon Studio\My First Web UI Project\Reports\20220627_161632\api testing\report\20220627_161632\requests\main\6.har

2022-06-27 16:17:16 - [MESSAGE][PASSED] - Send request successfully

2022-06-27 16:17:16 - [TEST_STEP][PASSED] - verifyElementPropertyValue(response, "idUser", 24): Verify element property value successfully

2022-06-27 16:17:16 - [MESSAGE][PASSED] - Verify element property value successfully]]></system-out>
         <system-err><![CDATA[]]></system-err>
      </testcase>
      <testcase name="Test Cases/user/test case create user" time="3.718" classname="Test Cases/user/test case create user" status="PASSED">
         <system-out><![CDATA[2022-06-27 16:17:16 - [TEST_CASE][PASSED] - Test Cases/user/test case create user: Test Cases/user/test case create user

2022-06-27 16:17:17 - [TEST_STEP][PASSED] - response = sendRequest(findTestObject("user/create user", ["variable":""])): Send request successfully

2022-06-27 16:17:19 - [MESSAGE][INFO] - HAR: C:\Users\A\Katalon Studio\My First Web UI Project\Reports\20220627_161632\api testing\report\20220627_161632\requests\main\7.har

2022-06-27 16:17:19 - [MESSAGE][PASSED] - Send request successfully

2022-06-27 16:17:19 - [TEST_STEP][PASSED] - verifyResponseStatusCode(response, 200): Verify response status code successfully

2022-06-27 16:17:19 - [MESSAGE][PASSED] - Verify response status code successfully

2022-06-27 16:17:19 - [TEST_STEP][PASSED] - verifyElementPropertyValue(response, "email", "jakejohn@email.com"): Verify element property value successfully

2022-06-27 16:17:20 - [MESSAGE][PASSED] - Verify element property value successfully]]></system-out>
         <system-err><![CDATA[]]></system-err>
      </testcase>
      <testcase name="Test Cases/user/test case create health" time="3.507" classname="Test Cases/user/test case create health" status="PASSED">
         <system-out><![CDATA[2022-06-27 16:17:20 - [TEST_CASE][PASSED] - Test Cases/user/test case create health: Test Cases/user/test case create health

2022-06-27 16:17:21 - [TEST_STEP][PASSED] - response = sendRequest(findTestObject("user/create health")): Send request successfully

2022-06-27 16:17:23 - [MESSAGE][INFO] - HAR: C:\Users\A\Katalon Studio\My First Web UI Project\Reports\20220627_161632\api testing\report\20220627_161632\requests\main\8.har

2022-06-27 16:17:23 - [MESSAGE][PASSED] - Send request successfully

2022-06-27 16:17:23 - [TEST_STEP][PASSED] - verifyResponseStatusCode(response, 200): Verify response status code successfully

2022-06-27 16:17:23 - [MESSAGE][PASSED] - Verify response status code successfully

2022-06-27 16:17:23 - [TEST_STEP][PASSED] - verifyElementPropertyValue(response, "email", "rs_ceriamedika@gmail.com"): Verify element property value successfully

2022-06-27 16:17:23 - [MESSAGE][PASSED] - Verify element property value successfully]]></system-out>
         <system-err><![CDATA[]]></system-err>
      </testcase>
      <testcase name="Test Cases/user/test case update data" time="3.214" classname="Test Cases/user/test case update data" status="PASSED">
         <system-out><![CDATA[2022-06-27 16:17:23 - [TEST_CASE][PASSED] - Test Cases/user/test case update data: Test Cases/user/test case update data

2022-06-27 16:17:24 - [TEST_STEP][PASSED] - response = sendRequest(findTestObject("user/update data")): Send request successfully

2022-06-27 16:17:26 - [MESSAGE][INFO] - HAR: C:\Users\A\Katalon Studio\My First Web UI Project\Reports\20220627_161632\api testing\report\20220627_161632\requests\main\9.har

2022-06-27 16:17:26 - [MESSAGE][PASSED] - Send request successfully

2022-06-27 16:17:26 - [TEST_STEP][PASSED] - verifyResponseStatusCode(response, 200): Verify response status code successfully

2022-06-27 16:17:26 - [MESSAGE][PASSED] - Verify response status code successfully

2022-06-27 16:17:26 - [TEST_STEP][PASSED] - verifyElementPropertyValue(response, "kota", "Kalimantan"): Verify element property value successfully

2022-06-27 16:17:26 - [MESSAGE][PASSED] - Verify element property value successfully]]></system-out>
         <system-err><![CDATA[]]></system-err>
      </testcase>
      <testcase name="Test Cases/user/test case user get user by city" time="2.398" classname="Test Cases/user/test case user get user by city" status="PASSED">
         <system-out><![CDATA[2022-06-27 16:17:26 - [TEST_CASE][PASSED] - Test Cases/user/test case user get user by city: Test Cases/user/test case user get user by city

2022-06-27 16:17:27 - [TEST_STEP][PASSED] - response = sendRequest(findTestObject("user/get user by city")): Send request successfully

2022-06-27 16:17:29 - [MESSAGE][INFO] - HAR: C:\Users\A\Katalon Studio\My First Web UI Project\Reports\20220627_161632\api testing\report\20220627_161632\requests\main\10.har

2022-06-27 16:17:29 - [MESSAGE][PASSED] - Send request successfully

2022-06-27 16:17:29 - [TEST_STEP][PASSED] - verifyResponseStatusCode(response, 200): Verify response status code successfully

2022-06-27 16:17:29 - [MESSAGE][PASSED] - Verify response status code successfully

2022-06-27 16:17:29 - [TEST_STEP][PASSED] - verifyElementPropertyValue(response, "[0].kota", "Bali"): Verify element property value successfully

2022-06-27 16:17:29 - [MESSAGE][PASSED] - Verify element property value successfully]]></system-out>
         <system-err><![CDATA[]]></system-err>
      </testcase>
      <testcase name="Test Cases/kelompok/test case kelompok get data by id" time="2.402" classname="Test Cases/kelompok/test case kelompok get data by id" status="PASSED">
         <system-out><![CDATA[2022-06-27 16:17:29 - [TEST_CASE][PASSED] - Test Cases/kelompok/test case kelompok get data by id: Test Cases/kelompok/test case kelompok get data by id

2022-06-27 16:17:30 - [TEST_STEP][PASSED] - response = sendRequest(findTestObject("kelompok/get kelompok by id")): Send request successfully

2022-06-27 16:17:31 - [MESSAGE][INFO] - HAR: C:\Users\A\Katalon Studio\My First Web UI Project\Reports\20220627_161632\api testing\report\20220627_161632\requests\main\11.har

2022-06-27 16:17:31 - [MESSAGE][PASSED] - Send request successfully

2022-06-27 16:17:31 - [TEST_STEP][PASSED] - verifyResponseStatusCode(response, 200): Verify response status code successfully

2022-06-27 16:17:31 - [MESSAGE][PASSED] - Verify response status code successfully

2022-06-27 16:17:31 - [TEST_STEP][PASSED] - verifyElementPropertyValue(response, "idKelompok", 34): Verify element property value successfully

2022-06-27 16:17:31 - [MESSAGE][PASSED] - Verify element property value successfully]]></system-out>
         <system-err><![CDATA[]]></system-err>
      </testcase>
      <testcase name="Test Cases/user/test case deleted user by id" time="2.52" classname="Test Cases/user/test case deleted user by id" status="PASSED">
         <system-out><![CDATA[2022-06-27 16:17:31 - [TEST_CASE][PASSED] - Test Cases/user/test case deleted user by id: Test Cases/user/test case deleted user by id

2022-06-27 16:17:32 - [TEST_STEP][PASSED] - response = sendRequest(findTestObject("user/deleted user by id")): Send request successfully

2022-06-27 16:17:34 - [MESSAGE][INFO] - HAR: C:\Users\A\Katalon Studio\My First Web UI Project\Reports\20220627_161632\api testing\report\20220627_161632\requests\main\12.har

2022-06-27 16:17:34 - [MESSAGE][PASSED] - Send request successfully

2022-06-27 16:17:34 - [TEST_STEP][PASSED] - verifyResponseStatusCode(response, 200): Verify response status code successfully

2022-06-27 16:17:34 - [MESSAGE][PASSED] - Verify response status code successfully]]></system-out>
         <system-err><![CDATA[]]></system-err>
      </testcase>
      <system-out><![CDATA[2022-06-27 16:16:49 - [TEST_SUITE][PASSED] - report: Test Cases/user/test case deleted user by id]]></system-out>
      <system-err><![CDATA[]]></system-err>
   </testsuite>
</testsuites>
