<?xml version="1.0" encoding="UTF-8"?>
<testsuites name="get all data" time="12.759" tests="2" failures="0" errors="0">
   <testsuite name="get all data" tests="2" failures="0" errors="0" time="12.759" skipped="0" timestamp="2022-06-27 11:32:31" hostname="A - DESKTOP-A4RBSR0" id="Test Suites/user/get all data">
      <properties>
         <property name="deviceName" value=""/>
         <property name="devicePlatform" value=""/>
         <property name="logFolder" value="C:\\Users\\A\\Katalon Studio\\My First Web UI Project\\Reports\\20220627_113215\\user\\get all data\\20220627_113215"/>
         <property name="logFiles" value="C:\\Users\\A\\Katalon Studio\\My First Web UI Project\\Reports\\20220627_113215\\user\\get all data\\20220627_113215\\execution0.log"/>
         <property name="attachments" value=""/>
         <property name="hostName" value="A - DESKTOP-A4RBSR0"/>
         <property name="hostAddress" value="192.168.43.80"/>
         <property name="os" value="Windows 10 64bit"/>
         <property name="katalonVersion" value="8.3.5.208"/>
      </properties>
      <testcase name="Test Cases/user/test case user get data all" time="9.037" classname="Test Cases/user/test case user get data all" status="PASSED">
         <system-out><![CDATA[2022-06-27 11:32:32 - [TEST_CASE][PASSED] - Test Cases/user/test case user get data all: Test Cases/user/test case user get data all

2022-06-27 11:32:33 - [TEST_STEP][PASSED] - response = sendRequest(findTestObject("user/user get data all")): Send request successfully

2022-06-27 11:32:40 - [MESSAGE][INFO] - HAR: C:\Users\A\Katalon Studio\My First Web UI Project\Reports\20220627_113215\user\get all data\20220627_113215\requests\main\0.har

2022-06-27 11:32:40 - [MESSAGE][PASSED] - Send request successfully

2022-06-27 11:32:40 - [TEST_STEP][PASSED] - verifyResponseStatusCode(response, 200): Verify response status code successfully

2022-06-27 11:32:40 - [MESSAGE][PASSED] - Verify response status code successfully

2022-06-27 11:32:40 - [TEST_STEP][PASSED] - verifyElementPropertyValue(response, "[0].idUser", 4): Verify element property value successfully

2022-06-27 11:32:41 - [MESSAGE][PASSED] - Verify element property value successfully]]></system-out>
         <system-err><![CDATA[]]></system-err>
      </testcase>
      <testcase name="Test Cases/booking/test case booking get data all" time="2.656" classname="Test Cases/booking/test case booking get data all" status="PASSED">
         <system-out><![CDATA[2022-06-27 11:32:41 - [TEST_CASE][PASSED] - Test Cases/booking/test case booking get data all: Test Cases/booking/test case booking get data all

2022-06-27 11:32:42 - [TEST_STEP][PASSED] - response = sendRequest(findTestObject("booking/booking get data all")): Send request successfully

2022-06-27 11:32:43 - [MESSAGE][INFO] - HAR: C:\Users\A\Katalon Studio\My First Web UI Project\Reports\20220627_113215\user\get all data\20220627_113215\requests\main\1.har

2022-06-27 11:32:43 - [MESSAGE][PASSED] - Send request successfully

2022-06-27 11:32:43 - [TEST_STEP][PASSED] - verifyResponseStatusCode(response, 200): Verify response status code successfully

2022-06-27 11:32:43 - [MESSAGE][PASSED] - Verify response status code successfully

2022-06-27 11:32:43 - [TEST_STEP][PASSED] - verifyElementPropertyValue(response, "[0].idBooking", 24): Verify element property value successfully

2022-06-27 11:32:43 - [MESSAGE][PASSED] - Verify element property value successfully]]></system-out>
         <system-err><![CDATA[]]></system-err>
      </testcase>
      <system-out><![CDATA[2022-06-27 11:32:31 - [TEST_SUITE][PASSED] - get all data: Test Cases/booking/test case booking get data all]]></system-out>
      <system-err><![CDATA[]]></system-err>
   </testsuite>
</testsuites>
