<?xml version="1.0" encoding="UTF-8"?>
<testsuites name="report" time="48.927" tests="16" failures="0" errors="0">
   <testsuite name="report" tests="16" failures="0" errors="0" time="48.927" skipped="0" timestamp="2022-06-27 17:02:47" hostname="A - DESKTOP-A4RBSR0" id="Test Suites/api testing/report">
      <properties>
         <property name="deviceName" value=""/>
         <property name="devicePlatform" value=""/>
         <property name="logFolder" value="C:\\Users\\A\\Katalon Studio\\My First Web UI Project\\Reports\\20220627_170232\\api testing\\report\\20220627_170232"/>
         <property name="logFiles" value="C:\\Users\\A\\Katalon Studio\\My First Web UI Project\\Reports\\20220627_170232\\api testing\\report\\20220627_170232\\execution0.log"/>
         <property name="attachments" value=""/>
         <property name="hostName" value="A - DESKTOP-A4RBSR0"/>
         <property name="hostAddress" value="192.168.43.80"/>
         <property name="os" value="Windows 10 64bit"/>
         <property name="katalonVersion" value="8.3.5.208"/>
      </properties>
      <testcase name="Test Cases/booking/test case booking get data all" time="9.001" classname="Test Cases/booking/test case booking get data all" status="PASSED">
         <system-out><![CDATA[2022-06-27 17:02:48 - [TEST_CASE][PASSED] - Test Cases/booking/test case booking get data all: Test Cases/booking/test case booking get data all

2022-06-27 17:02:50 - [TEST_STEP][PASSED] - response = sendRequest(findTestObject("booking/booking get data all")): Send request successfully

2022-06-27 17:02:57 - [MESSAGE][INFO] - HAR: C:\Users\A\Katalon Studio\My First Web UI Project\Reports\20220627_170232\api testing\report\20220627_170232\requests\main\0.har

2022-06-27 17:02:57 - [MESSAGE][PASSED] - Send request successfully

2022-06-27 17:02:57 - [TEST_STEP][PASSED] - verifyResponseStatusCode(response, 200): Verify response status code successfully

2022-06-27 17:02:57 - [MESSAGE][PASSED] - Verify response status code successfully]]></system-out>
         <system-err><![CDATA[]]></system-err>
      </testcase>
      <testcase name="Test Cases/kelompok/test case kelompok get data all" time="2.793" classname="Test Cases/kelompok/test case kelompok get data all" status="PASSED">
         <system-out><![CDATA[2022-06-27 17:02:57 - [TEST_CASE][PASSED] - Test Cases/kelompok/test case kelompok get data all: Test Cases/kelompok/test case kelompok get data all

2022-06-27 17:02:59 - [TEST_STEP][PASSED] - response = sendRequest(findTestObject("kelompok/kelompok get data all")): Send request successfully

2022-06-27 17:03:00 - [MESSAGE][INFO] - HAR: C:\Users\A\Katalon Studio\My First Web UI Project\Reports\20220627_170232\api testing\report\20220627_170232\requests\main\1.har

2022-06-27 17:03:00 - [MESSAGE][PASSED] - Send request successfully

2022-06-27 17:03:00 - [TEST_STEP][PASSED] - verifyResponseStatusCode(response, 200): Verify response status code successfully

2022-06-27 17:03:00 - [MESSAGE][PASSED] - Verify response status code successfully]]></system-out>
         <system-err><![CDATA[]]></system-err>
      </testcase>
      <testcase name="Test Cases/schedule/test case schedule get data all" time="2.474" classname="Test Cases/schedule/test case schedule get data all" status="PASSED">
         <system-out><![CDATA[2022-06-27 17:03:00 - [TEST_CASE][PASSED] - Test Cases/schedule/test case schedule get data all: Test Cases/schedule/test case schedule get data all

2022-06-27 17:03:01 - [TEST_STEP][PASSED] - response = sendRequest(findTestObject("schedule/schedule get data all")): Send request successfully

2022-06-27 17:03:03 - [MESSAGE][INFO] - HAR: C:\Users\A\Katalon Studio\My First Web UI Project\Reports\20220627_170232\api testing\report\20220627_170232\requests\main\2.har

2022-06-27 17:03:03 - [MESSAGE][PASSED] - Send request successfully

2022-06-27 17:03:03 - [TEST_STEP][PASSED] - verifyResponseStatusCode(response, 200): Verify response status code successfully

2022-06-27 17:03:03 - [MESSAGE][PASSED] - Verify response status code successfully]]></system-out>
         <system-err><![CDATA[]]></system-err>
      </testcase>
      <testcase name="Test Cases/session/test case session get data all" time="2.24" classname="Test Cases/session/test case session get data all" status="PASSED">
         <system-out><![CDATA[2022-06-27 17:03:03 - [TEST_CASE][PASSED] - Test Cases/session/test case session get data all: Test Cases/session/test case session get data all

2022-06-27 17:03:03 - [TEST_STEP][PASSED] - response = sendRequest(findTestObject("session/session get data all")): Send request successfully

2022-06-27 17:03:05 - [MESSAGE][INFO] - HAR: C:\Users\A\Katalon Studio\My First Web UI Project\Reports\20220627_170232\api testing\report\20220627_170232\requests\main\3.har

2022-06-27 17:03:05 - [MESSAGE][PASSED] - Send request successfully

2022-06-27 17:03:05 - [TEST_STEP][PASSED] - verifyResponseStatusCode(response, 200): Verify response status code successfully

2022-06-27 17:03:05 - [MESSAGE][PASSED] - Verify response status code successfully]]></system-out>
         <system-err><![CDATA[]]></system-err>
      </testcase>
      <testcase name="Test Cases/user/test case user get data all" time="2.728" classname="Test Cases/user/test case user get data all" status="PASSED">
         <system-out><![CDATA[2022-06-27 17:03:05 - [TEST_CASE][PASSED] - Test Cases/user/test case user get data all: Test Cases/user/test case user get data all

2022-06-27 17:03:06 - [TEST_STEP][PASSED] - response = sendRequest(findTestObject("user/user get data all")): Send request successfully

2022-06-27 17:03:07 - [MESSAGE][INFO] - HAR: C:\Users\A\Katalon Studio\My First Web UI Project\Reports\20220627_170232\api testing\report\20220627_170232\requests\main\4.har

2022-06-27 17:03:07 - [MESSAGE][PASSED] - Send request successfully

2022-06-27 17:03:07 - [TEST_STEP][PASSED] - verifyResponseStatusCode(response, 200): Verify response status code successfully

2022-06-27 17:03:07 - [MESSAGE][PASSED] - Verify response status code successfully

2022-06-27 17:03:07 - [TEST_STEP][PASSED] - verifyElementPropertyValue(response, "[0].idUser", 24): Verify element property value successfully

2022-06-27 17:03:08 - [MESSAGE][PASSED] - Verify element property value successfully]]></system-out>
         <system-err><![CDATA[]]></system-err>
      </testcase>
      <testcase name="Test Cases/vaksin/test case vaksin get data all" time="2.558" classname="Test Cases/vaksin/test case vaksin get data all" status="PASSED">
         <system-out><![CDATA[2022-06-27 17:03:08 - [TEST_CASE][PASSED] - Test Cases/vaksin/test case vaksin get data all: Test Cases/vaksin/test case vaksin get data all

2022-06-27 17:03:09 - [TEST_STEP][PASSED] - response = sendRequest(findTestObject("vaksin/vaksin get data all")): Send request successfully

2022-06-27 17:03:10 - [MESSAGE][INFO] - HAR: C:\Users\A\Katalon Studio\My First Web UI Project\Reports\20220627_170232\api testing\report\20220627_170232\requests\main\5.har

2022-06-27 17:03:10 - [MESSAGE][PASSED] - Send request successfully

2022-06-27 17:03:10 - [TEST_STEP][PASSED] - verifyResponseStatusCode(response, 200): Verify response status code successfully

2022-06-27 17:03:10 - [MESSAGE][PASSED] - Verify response status code successfully]]></system-out>
         <system-err><![CDATA[]]></system-err>
      </testcase>
      <testcase name="Test Cases/user/test case user get user by id" time="2.473" classname="Test Cases/user/test case user get user by id" status="PASSED">
         <system-out><![CDATA[2022-06-27 17:03:10 - [TEST_CASE][PASSED] - Test Cases/user/test case user get user by id: Test Cases/user/test case user get user by id

2022-06-27 17:03:11 - [TEST_STEP][PASSED] - response = sendRequest(findTestObject("user/user get user by id")): Send request successfully

2022-06-27 17:03:13 - [MESSAGE][INFO] - HAR: C:\Users\A\Katalon Studio\My First Web UI Project\Reports\20220627_170232\api testing\report\20220627_170232\requests\main\6.har

2022-06-27 17:03:13 - [MESSAGE][PASSED] - Send request successfully

2022-06-27 17:03:13 - [TEST_STEP][PASSED] - verifyElementPropertyValue(response, "idUser", 24): Verify element property value successfully

2022-06-27 17:03:13 - [MESSAGE][PASSED] - Verify element property value successfully]]></system-out>
         <system-err><![CDATA[]]></system-err>
      </testcase>
      <testcase name="Test Cases/user/test case create user" time="2.905" classname="Test Cases/user/test case create user" status="PASSED">
         <system-out><![CDATA[2022-06-27 17:03:13 - [TEST_CASE][PASSED] - Test Cases/user/test case create user: Test Cases/user/test case create user

2022-06-27 17:03:14 - [TEST_STEP][PASSED] - response = sendRequest(findTestObject("user/create user", ["variable":""])): Send request successfully

2022-06-27 17:03:15 - [MESSAGE][INFO] - HAR: C:\Users\A\Katalon Studio\My First Web UI Project\Reports\20220627_170232\api testing\report\20220627_170232\requests\main\7.har

2022-06-27 17:03:15 - [MESSAGE][PASSED] - Send request successfully

2022-06-27 17:03:15 - [TEST_STEP][PASSED] - verifyResponseStatusCode(response, 200): Verify response status code successfully

2022-06-27 17:03:15 - [MESSAGE][PASSED] - Verify response status code successfully

2022-06-27 17:03:15 - [TEST_STEP][PASSED] - verifyElementPropertyValue(response, "email", "jakejohn@email.com"): Verify element property value successfully

2022-06-27 17:03:16 - [MESSAGE][PASSED] - Verify element property value successfully]]></system-out>
         <system-err><![CDATA[]]></system-err>
      </testcase>
      <testcase name="Test Cases/user/test case create health" time="2.522" classname="Test Cases/user/test case create health" status="PASSED">
         <system-out><![CDATA[2022-06-27 17:03:16 - [TEST_CASE][PASSED] - Test Cases/user/test case create health: Test Cases/user/test case create health

2022-06-27 17:03:17 - [TEST_STEP][PASSED] - response = sendRequest(findTestObject("user/create health")): Send request successfully

2022-06-27 17:03:18 - [MESSAGE][INFO] - HAR: C:\Users\A\Katalon Studio\My First Web UI Project\Reports\20220627_170232\api testing\report\20220627_170232\requests\main\8.har

2022-06-27 17:03:18 - [MESSAGE][PASSED] - Send request successfully

2022-06-27 17:03:18 - [TEST_STEP][PASSED] - verifyResponseStatusCode(response, 200): Verify response status code successfully

2022-06-27 17:03:18 - [MESSAGE][PASSED] - Verify response status code successfully

2022-06-27 17:03:18 - [TEST_STEP][PASSED] - verifyElementPropertyValue(response, "email", "rs_ceriamedika@gmail.com"): Verify element property value successfully

2022-06-27 17:03:18 - [MESSAGE][PASSED] - Verify element property value successfully]]></system-out>
         <system-err><![CDATA[]]></system-err>
      </testcase>
      <testcase name="Test Cases/user/test case update data" time="2.882" classname="Test Cases/user/test case update data" status="PASSED">
         <system-out><![CDATA[2022-06-27 17:03:18 - [TEST_CASE][PASSED] - Test Cases/user/test case update data: Test Cases/user/test case update data

2022-06-27 17:03:19 - [TEST_STEP][PASSED] - response = sendRequest(findTestObject("user/update data")): Send request successfully

2022-06-27 17:03:21 - [MESSAGE][INFO] - HAR: C:\Users\A\Katalon Studio\My First Web UI Project\Reports\20220627_170232\api testing\report\20220627_170232\requests\main\9.har

2022-06-27 17:03:21 - [MESSAGE][PASSED] - Send request successfully

2022-06-27 17:03:21 - [TEST_STEP][PASSED] - verifyResponseStatusCode(response, 200): Verify response status code successfully

2022-06-27 17:03:21 - [MESSAGE][PASSED] - Verify response status code successfully

2022-06-27 17:03:21 - [TEST_STEP][PASSED] - verifyElementPropertyValue(response, "kota", "Kalimantan"): Verify element property value successfully

2022-06-27 17:03:21 - [MESSAGE][PASSED] - Verify element property value successfully]]></system-out>
         <system-err><![CDATA[]]></system-err>
      </testcase>
      <testcase name="Test Cases/user/test case user get user by city" time="2.226" classname="Test Cases/user/test case user get user by city" status="PASSED">
         <system-out><![CDATA[2022-06-27 17:03:21 - [TEST_CASE][PASSED] - Test Cases/user/test case user get user by city: Test Cases/user/test case user get user by city

2022-06-27 17:03:22 - [TEST_STEP][PASSED] - response = sendRequest(findTestObject("user/get user by city")): Send request successfully

2022-06-27 17:03:23 - [MESSAGE][INFO] - HAR: C:\Users\A\Katalon Studio\My First Web UI Project\Reports\20220627_170232\api testing\report\20220627_170232\requests\main\10.har

2022-06-27 17:03:23 - [MESSAGE][PASSED] - Send request successfully

2022-06-27 17:03:23 - [TEST_STEP][PASSED] - verifyResponseStatusCode(response, 200): Verify response status code successfully

2022-06-27 17:03:23 - [MESSAGE][PASSED] - Verify response status code successfully

2022-06-27 17:03:23 - [TEST_STEP][PASSED] - verifyElementPropertyValue(response, "[0].kota", "Bali"): Verify element property value successfully

2022-06-27 17:03:23 - [MESSAGE][PASSED] - Verify element property value successfully]]></system-out>
         <system-err><![CDATA[]]></system-err>
      </testcase>
      <testcase name="Test Cases/kelompok/test case kelompok get data by id" time="2.269" classname="Test Cases/kelompok/test case kelompok get data by id" status="PASSED">
         <system-out><![CDATA[2022-06-27 17:03:23 - [TEST_CASE][PASSED] - Test Cases/kelompok/test case kelompok get data by id: Test Cases/kelompok/test case kelompok get data by id

2022-06-27 17:03:24 - [TEST_STEP][PASSED] - response = sendRequest(findTestObject("kelompok/get kelompok by id")): Send request successfully

2022-06-27 17:03:26 - [MESSAGE][INFO] - HAR: C:\Users\A\Katalon Studio\My First Web UI Project\Reports\20220627_170232\api testing\report\20220627_170232\requests\main\11.har

2022-06-27 17:03:26 - [MESSAGE][PASSED] - Send request successfully

2022-06-27 17:03:26 - [TEST_STEP][PASSED] - verifyResponseStatusCode(response, 200): Verify response status code successfully

2022-06-27 17:03:26 - [MESSAGE][PASSED] - Verify response status code successfully

2022-06-27 17:03:26 - [TEST_STEP][PASSED] - verifyElementPropertyValue(response, "idKelompok", 34): Verify element property value successfully

2022-06-27 17:03:26 - [MESSAGE][PASSED] - Verify element property value successfully]]></system-out>
         <system-err><![CDATA[]]></system-err>
      </testcase>
      <testcase name="Test Cases/user/test case deleted user by id" time="2.179" classname="Test Cases/user/test case deleted user by id" status="PASSED">
         <system-out><![CDATA[2022-06-27 17:03:26 - [TEST_CASE][PASSED] - Test Cases/user/test case deleted user by id: Test Cases/user/test case deleted user by id

2022-06-27 17:03:27 - [TEST_STEP][PASSED] - response = sendRequest(findTestObject("user/deleted user by id")): Send request successfully

2022-06-27 17:03:28 - [MESSAGE][INFO] - HAR: C:\Users\A\Katalon Studio\My First Web UI Project\Reports\20220627_170232\api testing\report\20220627_170232\requests\main\12.har

2022-06-27 17:03:28 - [MESSAGE][PASSED] - Send request successfully

2022-06-27 17:03:28 - [TEST_STEP][PASSED] - verifyResponseStatusCode(response, 200): Verify response status code successfully

2022-06-27 17:03:28 - [MESSAGE][PASSED] - Verify response status code successfully]]></system-out>
         <system-err><![CDATA[]]></system-err>
      </testcase>
      <testcase name="Test Cases/kelompok/test case create kelompok" time="3.188" classname="Test Cases/kelompok/test case create kelompok" status="PASSED">
         <system-out><![CDATA[2022-06-27 17:03:28 - [TEST_CASE][PASSED] - Test Cases/kelompok/test case create kelompok: Test Cases/kelompok/test case create kelompok

2022-06-27 17:03:29 - [TEST_STEP][PASSED] - response = sendRequest(findTestObject("kelompok/create kelompok")): Send request successfully

2022-06-27 17:03:31 - [MESSAGE][INFO] - HAR: C:\Users\A\Katalon Studio\My First Web UI Project\Reports\20220627_170232\api testing\report\20220627_170232\requests\main\13.har

2022-06-27 17:03:31 - [MESSAGE][PASSED] - Send request successfully

2022-06-27 17:03:31 - [TEST_STEP][PASSED] - verifyResponseStatusCode(response, 200): Verify response status code successfully

2022-06-27 17:03:31 - [MESSAGE][PASSED] - Verify response status code successfully

2022-06-27 17:03:31 - [TEST_STEP][PASSED] - verifyElementPropertyValue(response, "user.idUser", 144): Verify element property value successfully

2022-06-27 17:03:31 - [MESSAGE][PASSED] - Verify element property value successfully]]></system-out>
         <system-err><![CDATA[]]></system-err>
      </testcase>
      <testcase name="Test Cases/kelompok/test case update kelompok" time="2.494" classname="Test Cases/kelompok/test case update kelompok" status="PASSED">
         <system-out><![CDATA[2022-06-27 17:03:31 - [TEST_CASE][PASSED] - Test Cases/kelompok/test case update kelompok: Test Cases/kelompok/test case update kelompok

2022-06-27 17:03:32 - [TEST_STEP][PASSED] - response = sendRequest(findTestObject("kelompok/update kelompok")): Send request successfully

2022-06-27 17:03:34 - [MESSAGE][INFO] - HAR: C:\Users\A\Katalon Studio\My First Web UI Project\Reports\20220627_170232\api testing\report\20220627_170232\requests\main\14.har

2022-06-27 17:03:34 - [MESSAGE][PASSED] - Send request successfully

2022-06-27 17:03:34 - [TEST_STEP][PASSED] - verifyResponseStatusCode(response, 200): Verify response status code successfully

2022-06-27 17:03:34 - [MESSAGE][PASSED] - Verify response status code successfully

2022-06-27 17:03:34 - [TEST_STEP][PASSED] - verifyElementPropertyValue(response, "tlp", "090876908"): Verify element property value successfully

2022-06-27 17:03:34 - [MESSAGE][PASSED] - Verify element property value successfully]]></system-out>
         <system-err><![CDATA[]]></system-err>
      </testcase>
      <testcase name="Test Cases/kelompok/test case deleted kelompok by id" time="2.312" classname="Test Cases/kelompok/test case deleted kelompok by id" status="PASSED">
         <system-out><![CDATA[2022-06-27 17:03:34 - [TEST_CASE][PASSED] - Test Cases/kelompok/test case deleted kelompok by id: Test Cases/kelompok/test case deleted kelompok by id

2022-06-27 17:03:35 - [TEST_STEP][PASSED] - response = sendRequest(findTestObject("kelompok/deleted kelompok by id")): Send request successfully

2022-06-27 17:03:36 - [MESSAGE][INFO] - HAR: C:\Users\A\Katalon Studio\My First Web UI Project\Reports\20220627_170232\api testing\report\20220627_170232\requests\main\15.har

2022-06-27 17:03:36 - [MESSAGE][PASSED] - Send request successfully

2022-06-27 17:03:36 - [TEST_STEP][PASSED] - verifyResponseStatusCode(response, 200): Verify response status code successfully

2022-06-27 17:03:36 - [MESSAGE][PASSED] - Verify response status code successfully]]></system-out>
         <system-err><![CDATA[]]></system-err>
      </testcase>
      <system-out><![CDATA[2022-06-27 17:02:47 - [TEST_SUITE][PASSED] - report: Test Cases/kelompok/test case deleted kelompok by id]]></system-out>
      <system-err><![CDATA[]]></system-err>
   </testsuite>
</testsuites>
