<?xml version="1.0" encoding="UTF-8"?>
<testsuites name="report" time="74.892" tests="27" failures="0" errors="0">
   <testsuite name="report" tests="27" failures="0" errors="0" time="74.892" skipped="0" timestamp="2022-07-01 16:16:58" hostname="A - DESKTOP-A4RBSR0" id="Test Suites/api testing/report">
      <properties>
         <property name="deviceName" value=""/>
         <property name="devicePlatform" value=""/>
         <property name="logFolder" value="C:\\Users\\A\\Katalon Studio\\API Testing\\Reports\\20220701_161644\\api testing\\report\\20220701_161644"/>
         <property name="logFiles" value="C:\\Users\\A\\Katalon Studio\\API Testing\\Reports\\20220701_161644\\api testing\\report\\20220701_161644\\execution0.log"/>
         <property name="attachments" value=""/>
         <property name="hostName" value="A - DESKTOP-A4RBSR0"/>
         <property name="hostAddress" value="192.168.43.80"/>
         <property name="os" value="Windows 10 64bit"/>
         <property name="katalonVersion" value="8.3.5.208"/>
      </properties>
      <testcase name="Test Cases/booking/test case booking get data all" time="8.846" classname="Test Cases/booking/test case booking get data all" status="PASSED">
         <system-out><![CDATA[2022-07-01 16:16:59 - [TEST_CASE][PASSED] - Test Cases/booking/test case booking get data all: Test Cases/booking/test case booking get data all

2022-07-01 16:17:01 - [TEST_STEP][PASSED] - response = sendRequest(findTestObject("booking/booking get data all")): Send request successfully

2022-07-01 16:17:08 - [MESSAGE][INFO] - HAR: C:\Users\A\Katalon Studio\API Testing\Reports\20220701_161644\api testing\report\20220701_161644\requests\main\0.har

2022-07-01 16:17:08 - [MESSAGE][PASSED] - Send request successfully

2022-07-01 16:17:08 - [TEST_STEP][PASSED] - verifyResponseStatusCode(response, 200): Verify response status code successfully

2022-07-01 16:17:08 - [MESSAGE][PASSED] - Verify response status code successfully]]></system-out>
         <system-err><![CDATA[]]></system-err>
      </testcase>
      <testcase name="Test Cases/booking/test case create booking" time="3.387" classname="Test Cases/booking/test case create booking" status="PASSED">
         <system-out><![CDATA[2022-07-01 16:17:08 - [TEST_CASE][PASSED] - Test Cases/booking/test case create booking: Test Cases/booking/test case create booking

2022-07-01 16:17:09 - [TEST_STEP][PASSED] - response = sendRequest(findTestObject("booking/create booking")): Send request successfully

2022-07-01 16:17:11 - [MESSAGE][INFO] - HAR: C:\Users\A\Katalon Studio\API Testing\Reports\20220701_161644\api testing\report\20220701_161644\requests\main\1.har

2022-07-01 16:17:11 - [MESSAGE][PASSED] - Send request successfully

2022-07-01 16:17:11 - [TEST_STEP][PASSED] - verifyResponseStatusCode(response, 200): Verify response status code successfully

2022-07-01 16:17:11 - [MESSAGE][PASSED] - Verify response status code successfully

2022-07-01 16:17:11 - [TEST_STEP][PASSED] - verifyElementPropertyValue(response, "kelompok.user.email", "mia@gmail.com"): Verify element property value successfully

2022-07-01 16:17:12 - [MESSAGE][PASSED] - Verify element property value successfully]]></system-out>
         <system-err><![CDATA[]]></system-err>
      </testcase>
      <testcase name="Test Cases/booking/test case delete booking" time="2.474" classname="Test Cases/booking/test case delete booking" status="PASSED">
         <system-out><![CDATA[2022-07-01 16:17:12 - [TEST_CASE][PASSED] - Test Cases/booking/test case delete booking: Test Cases/booking/test case delete booking

2022-07-01 16:17:13 - [TEST_STEP][PASSED] - response = sendRequest(findTestObject("booking/deleted booking")): Send request successfully

2022-07-01 16:17:14 - [MESSAGE][INFO] - HAR: C:\Users\A\Katalon Studio\API Testing\Reports\20220701_161644\api testing\report\20220701_161644\requests\main\2.har

2022-07-01 16:17:14 - [MESSAGE][PASSED] - Send request successfully

2022-07-01 16:17:14 - [TEST_STEP][PASSED] - verifyResponseStatusCode(response, 200): Verify response status code successfully

2022-07-01 16:17:14 - [MESSAGE][PASSED] - Verify response status code successfully]]></system-out>
         <system-err><![CDATA[]]></system-err>
      </testcase>
      <testcase name="Test Cases/booking/test case get booking by id" time="2.282" classname="Test Cases/booking/test case get booking by id" status="PASSED">
         <system-out><![CDATA[2022-07-01 16:17:14 - [TEST_CASE][PASSED] - Test Cases/booking/test case get booking by id: Test Cases/booking/test case get booking by id

2022-07-01 16:17:15 - [TEST_STEP][PASSED] - response = sendRequest(findTestObject("booking/get booking by id")): Send request successfully

2022-07-01 16:17:16 - [MESSAGE][INFO] - HAR: C:\Users\A\Katalon Studio\API Testing\Reports\20220701_161644\api testing\report\20220701_161644\requests\main\3.har

2022-07-01 16:17:16 - [MESSAGE][PASSED] - Send request successfully

2022-07-01 16:17:16 - [TEST_STEP][PASSED] - verifyResponseStatusCode(response, 200): Verify response status code successfully

2022-07-01 16:17:16 - [MESSAGE][PASSED] - Verify response status code successfully

2022-07-01 16:17:16 - [TEST_STEP][PASSED] - verifyElementPropertyValue(response, "idBooking", 4): Verify element property value successfully

2022-07-01 16:17:16 - [MESSAGE][PASSED] - Verify element property value successfully]]></system-out>
         <system-err><![CDATA[]]></system-err>
      </testcase>
      <testcase name="Test Cases/booking/test case update booking" time="2.534" classname="Test Cases/booking/test case update booking" status="PASSED">
         <system-out><![CDATA[2022-07-01 16:17:16 - [TEST_CASE][PASSED] - Test Cases/booking/test case update booking: Test Cases/booking/test case update booking

2022-07-01 16:17:17 - [TEST_STEP][PASSED] - response = sendRequest(findTestObject("booking/update booking")): Send request successfully

2022-07-01 16:17:19 - [MESSAGE][INFO] - HAR: C:\Users\A\Katalon Studio\API Testing\Reports\20220701_161644\api testing\report\20220701_161644\requests\main\4.har

2022-07-01 16:17:19 - [MESSAGE][PASSED] - Send request successfully

2022-07-01 16:17:19 - [TEST_STEP][PASSED] - verifyResponseStatusCode(response, 200): Verify response status code successfully

2022-07-01 16:17:19 - [MESSAGE][PASSED] - Verify response status code successfully

2022-07-01 16:17:19 - [TEST_STEP][PASSED] - verifyElementPropertyValue(response, "idBooking", 14): Verify element property value successfully

2022-07-01 16:17:19 - [MESSAGE][PASSED] - Verify element property value successfully]]></system-out>
         <system-err><![CDATA[]]></system-err>
      </testcase>
      <testcase name="Test Cases/kelompok/test case deleted kelompok by id" time="2.299" classname="Test Cases/kelompok/test case deleted kelompok by id" status="PASSED">
         <system-out><![CDATA[2022-07-01 16:17:19 - [TEST_CASE][PASSED] - Test Cases/kelompok/test case deleted kelompok by id: Test Cases/kelompok/test case deleted kelompok by id

2022-07-01 16:17:20 - [TEST_STEP][PASSED] - response = sendRequest(findTestObject("kelompok/deleted kelompok by id")): Send request successfully

2022-07-01 16:17:21 - [MESSAGE][INFO] - HAR: C:\Users\A\Katalon Studio\API Testing\Reports\20220701_161644\api testing\report\20220701_161644\requests\main\5.har

2022-07-01 16:17:21 - [MESSAGE][PASSED] - Send request successfully

2022-07-01 16:17:21 - [TEST_STEP][PASSED] - verifyResponseStatusCode(response, 200): Verify response status code successfully

2022-07-01 16:17:21 - [MESSAGE][PASSED] - Verify response status code successfully]]></system-out>
         <system-err><![CDATA[]]></system-err>
      </testcase>
      <testcase name="Test Cases/kelompok/test case kelompok get data all" time="2.829" classname="Test Cases/kelompok/test case kelompok get data all" status="PASSED">
         <system-out><![CDATA[2022-07-01 16:17:21 - [TEST_CASE][PASSED] - Test Cases/kelompok/test case kelompok get data all: Test Cases/kelompok/test case kelompok get data all

2022-07-01 16:17:22 - [TEST_STEP][PASSED] - response = sendRequest(findTestObject("kelompok/kelompok get data all")): Send request successfully

2022-07-01 16:17:24 - [MESSAGE][INFO] - HAR: C:\Users\A\Katalon Studio\API Testing\Reports\20220701_161644\api testing\report\20220701_161644\requests\main\6.har

2022-07-01 16:17:24 - [MESSAGE][PASSED] - Send request successfully

2022-07-01 16:17:24 - [TEST_STEP][PASSED] - verifyResponseStatusCode(response, 200): Verify response status code successfully

2022-07-01 16:17:24 - [MESSAGE][PASSED] - Verify response status code successfully]]></system-out>
         <system-err><![CDATA[]]></system-err>
      </testcase>
      <testcase name="Test Cases/kelompok/test case kelompok get data by id" time="2.769" classname="Test Cases/kelompok/test case kelompok get data by id" status="PASSED">
         <system-out><![CDATA[2022-07-01 16:17:24 - [TEST_CASE][PASSED] - Test Cases/kelompok/test case kelompok get data by id: Test Cases/kelompok/test case kelompok get data by id

2022-07-01 16:17:25 - [TEST_STEP][PASSED] - response = sendRequest(findTestObject("kelompok/get kelompok by id")): Send request successfully

2022-07-01 16:17:27 - [MESSAGE][INFO] - HAR: C:\Users\A\Katalon Studio\API Testing\Reports\20220701_161644\api testing\report\20220701_161644\requests\main\7.har

2022-07-01 16:17:27 - [MESSAGE][PASSED] - Send request successfully

2022-07-01 16:17:27 - [TEST_STEP][PASSED] - verifyResponseStatusCode(response, 200): Verify response status code successfully

2022-07-01 16:17:27 - [MESSAGE][PASSED] - Verify response status code successfully

2022-07-01 16:17:27 - [TEST_STEP][PASSED] - verifyElementPropertyValue(response, "idKelompok", 4): Verify element property value successfully

2022-07-01 16:17:27 - [MESSAGE][PASSED] - Verify element property value successfully]]></system-out>
         <system-err><![CDATA[]]></system-err>
      </testcase>
      <testcase name="Test Cases/kelompok/test case update kelompok" time="2.677" classname="Test Cases/kelompok/test case update kelompok" status="PASSED">
         <system-out><![CDATA[2022-07-01 16:17:27 - [TEST_CASE][PASSED] - Test Cases/kelompok/test case update kelompok: Test Cases/kelompok/test case update kelompok

2022-07-01 16:17:28 - [TEST_STEP][PASSED] - response = sendRequest(findTestObject("kelompok/update kelompok")): Send request successfully

2022-07-01 16:17:30 - [MESSAGE][INFO] - HAR: C:\Users\A\Katalon Studio\API Testing\Reports\20220701_161644\api testing\report\20220701_161644\requests\main\8.har

2022-07-01 16:17:30 - [MESSAGE][PASSED] - Send request successfully

2022-07-01 16:17:30 - [TEST_STEP][PASSED] - verifyResponseStatusCode(response, 200): Verify response status code successfully

2022-07-01 16:17:30 - [MESSAGE][PASSED] - Verify response status code successfully

2022-07-01 16:17:30 - [TEST_STEP][PASSED] - verifyElementPropertyValue(response, "user.email", "johndoe@email.com"): Verify element property value successfully

2022-07-01 16:17:30 - [MESSAGE][PASSED] - Verify element property value successfully]]></system-out>
         <system-err><![CDATA[]]></system-err>
      </testcase>
      <testcase name="Test Cases/session/test case create session" time="3.506" classname="Test Cases/session/test case create session" status="PASSED">
         <system-out><![CDATA[2022-07-01 16:17:30 - [TEST_CASE][PASSED] - Test Cases/session/test case create session: Test Cases/session/test case create session

2022-07-01 16:17:31 - [TEST_STEP][PASSED] - response = sendRequest(findTestObject("session/create session")): Send request successfully

2022-07-01 16:17:33 - [MESSAGE][INFO] - HAR: C:\Users\A\Katalon Studio\API Testing\Reports\20220701_161644\api testing\report\20220701_161644\requests\main\9.har

2022-07-01 16:17:33 - [MESSAGE][PASSED] - Send request successfully

2022-07-01 16:17:33 - [TEST_STEP][PASSED] - verifyResponseStatusCode(response, 200): Verify response status code successfully

2022-07-01 16:17:33 - [MESSAGE][PASSED] - Verify response status code successfully

2022-07-01 16:17:33 - [TEST_STEP][PASSED] - verifyElementPropertyValue(response, "user.email", "rs_flamboyan@gmail.com"): Verify element property value successfully

2022-07-01 16:17:33 - [MESSAGE][PASSED] - Verify element property value successfully]]></system-out>
         <system-err><![CDATA[]]></system-err>
      </testcase>
      <testcase name="Test Cases/session/test case delete session" time="2.871" classname="Test Cases/session/test case delete session" status="PASSED">
         <system-out><![CDATA[2022-07-01 16:17:33 - [TEST_CASE][PASSED] - Test Cases/session/test case delete session: Test Cases/session/test case delete session

2022-07-01 16:17:34 - [TEST_STEP][PASSED] - response = sendRequest(findTestObject("session/deleted session")): Send request successfully

2022-07-01 16:17:36 - [MESSAGE][INFO] - HAR: C:\Users\A\Katalon Studio\API Testing\Reports\20220701_161644\api testing\report\20220701_161644\requests\main\10.har

2022-07-01 16:17:36 - [MESSAGE][PASSED] - Send request successfully

2022-07-01 16:17:36 - [TEST_STEP][PASSED] - verifyResponseStatusCode(response, 200): Verify response status code successfully

2022-07-01 16:17:36 - [MESSAGE][PASSED] - Verify response status code successfully]]></system-out>
         <system-err><![CDATA[]]></system-err>
      </testcase>
      <testcase name="Test Cases/session/test case get session by id" time="2.231" classname="Test Cases/session/test case get session by id" status="PASSED">
         <system-out><![CDATA[2022-07-01 16:17:36 - [TEST_CASE][PASSED] - Test Cases/session/test case get session by id: Test Cases/session/test case get session by id

2022-07-01 16:17:37 - [TEST_STEP][PASSED] - response = sendRequest(findTestObject("session/get session by id")): Send request successfully

2022-07-01 16:17:38 - [MESSAGE][INFO] - HAR: C:\Users\A\Katalon Studio\API Testing\Reports\20220701_161644\api testing\report\20220701_161644\requests\main\11.har

2022-07-01 16:17:38 - [MESSAGE][PASSED] - Send request successfully

2022-07-01 16:17:38 - [TEST_STEP][PASSED] - verifyResponseStatusCode(response, 200): Verify response status code successfully

2022-07-01 16:17:38 - [MESSAGE][PASSED] - Verify response status code successfully

2022-07-01 16:17:38 - [TEST_STEP][PASSED] - verifyElementPropertyValue(response, "user.email", "rs_flamboyan@gmail.com"): Verify element property value successfully

2022-07-01 16:17:38 - [MESSAGE][PASSED] - Verify element property value successfully]]></system-out>
         <system-err><![CDATA[]]></system-err>
      </testcase>
      <testcase name="Test Cases/session/test case session get data all" time="2.693" classname="Test Cases/session/test case session get data all" status="PASSED">
         <system-out><![CDATA[2022-07-01 16:17:38 - [TEST_CASE][PASSED] - Test Cases/session/test case session get data all: Test Cases/session/test case session get data all

2022-07-01 16:17:39 - [TEST_STEP][PASSED] - response = sendRequest(findTestObject("session/session get data all")): Send request successfully

2022-07-01 16:17:41 - [MESSAGE][INFO] - HAR: C:\Users\A\Katalon Studio\API Testing\Reports\20220701_161644\api testing\report\20220701_161644\requests\main\12.har

2022-07-01 16:17:41 - [MESSAGE][PASSED] - Send request successfully

2022-07-01 16:17:41 - [TEST_STEP][PASSED] - verifyResponseStatusCode(response, 200): Verify response status code successfully

2022-07-01 16:17:41 - [MESSAGE][PASSED] - Verify response status code successfully]]></system-out>
         <system-err><![CDATA[]]></system-err>
      </testcase>
      <testcase name="Test Cases/session/test case update session" time="2.236" classname="Test Cases/session/test case update session" status="PASSED">
         <system-out><![CDATA[2022-07-01 16:17:41 - [TEST_CASE][PASSED] - Test Cases/session/test case update session: Test Cases/session/test case update session

2022-07-01 16:17:42 - [TEST_STEP][PASSED] - response = sendRequest(findTestObject("session/update session")): Send request successfully

2022-07-01 16:17:43 - [MESSAGE][INFO] - HAR: C:\Users\A\Katalon Studio\API Testing\Reports\20220701_161644\api testing\report\20220701_161644\requests\main\13.har

2022-07-01 16:17:43 - [MESSAGE][PASSED] - Send request successfully

2022-07-01 16:17:43 - [TEST_STEP][PASSED] - verifyResponseStatusCode(response, 200): Verify response status code successfully

2022-07-01 16:17:43 - [MESSAGE][PASSED] - Verify response status code successfully

2022-07-01 16:17:43 - [TEST_STEP][PASSED] - verifyElementPropertyValue(response, "user.email", "rs_flamboyan@gmail.com"): Verify element property value successfully

2022-07-01 16:17:43 - [MESSAGE][PASSED] - Verify element property value successfully]]></system-out>
         <system-err><![CDATA[]]></system-err>
      </testcase>
      <testcase name="Test Cases/user/test case create health" time="2.442" classname="Test Cases/user/test case create health" status="PASSED">
         <system-out><![CDATA[2022-07-01 16:17:43 - [TEST_CASE][PASSED] - Test Cases/user/test case create health: Test Cases/user/test case create health

2022-07-01 16:17:44 - [TEST_STEP][PASSED] - response = sendRequest(findTestObject("user/create health")): Send request successfully

2022-07-01 16:17:46 - [MESSAGE][INFO] - HAR: C:\Users\A\Katalon Studio\API Testing\Reports\20220701_161644\api testing\report\20220701_161644\requests\main\14.har

2022-07-01 16:17:46 - [MESSAGE][PASSED] - Send request successfully

2022-07-01 16:17:46 - [TEST_STEP][PASSED] - verifyResponseStatusCode(response, 200): Verify response status code successfully

2022-07-01 16:17:46 - [MESSAGE][PASSED] - Verify response status code successfully

2022-07-01 16:17:46 - [TEST_STEP][PASSED] - verifyElementPropertyValue(response, "email", "rs_ceriamedika@gmail.com"): Verify element property value successfully

2022-07-01 16:17:46 - [MESSAGE][PASSED] - Verify element property value successfully]]></system-out>
         <system-err><![CDATA[]]></system-err>
      </testcase>
      <testcase name="Test Cases/user/test case create user" time="2.538" classname="Test Cases/user/test case create user" status="PASSED">
         <system-out><![CDATA[2022-07-01 16:17:46 - [TEST_CASE][PASSED] - Test Cases/user/test case create user: Test Cases/user/test case create user

2022-07-01 16:17:46 - [TEST_STEP][PASSED] - response = sendRequest(findTestObject("user/create user", ["variable":""])): Send request successfully

2022-07-01 16:17:48 - [MESSAGE][INFO] - HAR: C:\Users\A\Katalon Studio\API Testing\Reports\20220701_161644\api testing\report\20220701_161644\requests\main\15.har

2022-07-01 16:17:48 - [MESSAGE][PASSED] - Send request successfully

2022-07-01 16:17:48 - [TEST_STEP][PASSED] - verifyResponseStatusCode(response, 200): Verify response status code successfully

2022-07-01 16:17:48 - [MESSAGE][PASSED] - Verify response status code successfully

2022-07-01 16:17:48 - [TEST_STEP][PASSED] - verifyElementPropertyValue(response, "email", "jakejohn@email.com"): Verify element property value successfully

2022-07-01 16:17:48 - [MESSAGE][PASSED] - Verify element property value successfully]]></system-out>
         <system-err><![CDATA[]]></system-err>
      </testcase>
      <testcase name="Test Cases/user/test case deleted user by id" time="2.094" classname="Test Cases/user/test case deleted user by id" status="PASSED">
         <system-out><![CDATA[2022-07-01 16:17:48 - [TEST_CASE][PASSED] - Test Cases/user/test case deleted user by id: Test Cases/user/test case deleted user by id

2022-07-01 16:17:49 - [TEST_STEP][PASSED] - response = sendRequest(findTestObject("user/deleted user by id")): Send request successfully

2022-07-01 16:17:50 - [MESSAGE][INFO] - HAR: C:\Users\A\Katalon Studio\API Testing\Reports\20220701_161644\api testing\report\20220701_161644\requests\main\16.har

2022-07-01 16:17:50 - [MESSAGE][PASSED] - Send request successfully

2022-07-01 16:17:50 - [TEST_STEP][PASSED] - verifyResponseStatusCode(response, 200): Verify response status code successfully

2022-07-01 16:17:50 - [MESSAGE][PASSED] - Verify response status code successfully]]></system-out>
         <system-err><![CDATA[]]></system-err>
      </testcase>
      <testcase name="Test Cases/user/test case update data health" time="2.307" classname="Test Cases/user/test case update data health" status="PASSED">
         <system-out><![CDATA[2022-07-01 16:17:50 - [TEST_CASE][PASSED] - Test Cases/user/test case update data health: Test Cases/user/test case update data health

2022-07-01 16:17:51 - [TEST_STEP][PASSED] - response = sendRequest(findTestObject("user/update data health")): Send request successfully

2022-07-01 16:17:53 - [MESSAGE][INFO] - HAR: C:\Users\A\Katalon Studio\API Testing\Reports\20220701_161644\api testing\report\20220701_161644\requests\main\17.har

2022-07-01 16:17:53 - [MESSAGE][PASSED] - Send request successfully

2022-07-01 16:17:53 - [TEST_STEP][PASSED] - verifyResponseStatusCode(response, 200): Verify response status code successfully

2022-07-01 16:17:53 - [MESSAGE][PASSED] - Verify response status code successfully

2022-07-01 16:17:53 - [TEST_STEP][PASSED] - verifyElementPropertyValue(response, "idUser", 4): Verify element property value successfully

2022-07-01 16:17:53 - [MESSAGE][PASSED] - Verify element property value successfully]]></system-out>
         <system-err><![CDATA[]]></system-err>
      </testcase>
      <testcase name="Test Cases/user/test case update data user" time="2.202" classname="Test Cases/user/test case update data user" status="PASSED">
         <system-out><![CDATA[2022-07-01 16:17:53 - [TEST_CASE][PASSED] - Test Cases/user/test case update data user: Test Cases/user/test case update data user

2022-07-01 16:17:53 - [TEST_STEP][PASSED] - response = sendRequest(findTestObject("user/update data user")): Send request successfully

2022-07-01 16:17:55 - [MESSAGE][INFO] - HAR: C:\Users\A\Katalon Studio\API Testing\Reports\20220701_161644\api testing\report\20220701_161644\requests\main\18.har

2022-07-01 16:17:55 - [MESSAGE][PASSED] - Send request successfully

2022-07-01 16:17:55 - [TEST_STEP][PASSED] - verifyResponseStatusCode(response, 200): Verify response status code successfully

2022-07-01 16:17:55 - [MESSAGE][PASSED] - Verify response status code successfully

2022-07-01 16:17:55 - [TEST_STEP][PASSED] - verifyElementPropertyValue(response, "kota", "kalimantan"): Verify element property value successfully

2022-07-01 16:17:55 - [MESSAGE][PASSED] - Verify element property value successfully]]></system-out>
         <system-err><![CDATA[]]></system-err>
      </testcase>
      <testcase name="Test Cases/user/test case user get data all" time="2.224" classname="Test Cases/user/test case user get data all" status="PASSED">
         <system-out><![CDATA[2022-07-01 16:17:55 - [TEST_CASE][PASSED] - Test Cases/user/test case user get data all: Test Cases/user/test case user get data all

2022-07-01 16:17:56 - [TEST_STEP][PASSED] - response = sendRequest(findTestObject("user/user get data all")): Send request successfully

2022-07-01 16:17:57 - [MESSAGE][INFO] - HAR: C:\Users\A\Katalon Studio\API Testing\Reports\20220701_161644\api testing\report\20220701_161644\requests\main\19.har

2022-07-01 16:17:57 - [MESSAGE][PASSED] - Send request successfully

2022-07-01 16:17:57 - [TEST_STEP][PASSED] - verifyResponseStatusCode(response, 200): Verify response status code successfully

2022-07-01 16:17:57 - [MESSAGE][PASSED] - Verify response status code successfully

2022-07-01 16:17:57 - [TEST_STEP][PASSED] - verifyElementPropertyValue(response, "[0].idUser", 4): Verify element property value successfully

2022-07-01 16:17:57 - [MESSAGE][PASSED] - Verify element property value successfully]]></system-out>
         <system-err><![CDATA[]]></system-err>
      </testcase>
      <testcase name="Test Cases/user/test case user get user by city" time="2.395" classname="Test Cases/user/test case user get user by city" status="PASSED">
         <system-out><![CDATA[2022-07-01 16:17:57 - [TEST_CASE][PASSED] - Test Cases/user/test case user get user by city: Test Cases/user/test case user get user by city

2022-07-01 16:17:58 - [TEST_STEP][PASSED] - response = sendRequest(findTestObject("user/get user by city")): Send request successfully

2022-07-01 16:17:59 - [MESSAGE][INFO] - HAR: C:\Users\A\Katalon Studio\API Testing\Reports\20220701_161644\api testing\report\20220701_161644\requests\main\20.har

2022-07-01 16:17:59 - [MESSAGE][PASSED] - Send request successfully

2022-07-01 16:17:59 - [TEST_STEP][PASSED] - verifyResponseStatusCode(response, 200): Verify response status code successfully

2022-07-01 16:18:00 - [MESSAGE][PASSED] - Verify response status code successfully

2022-07-01 16:18:00 - [TEST_STEP][PASSED] - verifyElementPropertyValue(response, "[0].kota", "Bali"): Verify element property value successfully

2022-07-01 16:18:00 - [MESSAGE][PASSED] - Verify element property value successfully]]></system-out>
         <system-err><![CDATA[]]></system-err>
      </testcase>
      <testcase name="Test Cases/user/test case user get user by id" time="2.467" classname="Test Cases/user/test case user get user by id" status="PASSED">
         <system-out><![CDATA[2022-07-01 16:18:00 - [TEST_CASE][PASSED] - Test Cases/user/test case user get user by id: Test Cases/user/test case user get user by id

2022-07-01 16:18:00 - [TEST_STEP][PASSED] - response = sendRequest(findTestObject("user/user get user by id")): Send request successfully

2022-07-01 16:18:02 - [MESSAGE][INFO] - HAR: C:\Users\A\Katalon Studio\API Testing\Reports\20220701_161644\api testing\report\20220701_161644\requests\main\21.har

2022-07-01 16:18:02 - [MESSAGE][PASSED] - Send request successfully

2022-07-01 16:18:02 - [TEST_STEP][PASSED] - verifyElementPropertyValue(response, "idUser", 24): Verify element property value successfully

2022-07-01 16:18:02 - [MESSAGE][PASSED] - Verify element property value successfully]]></system-out>
         <system-err><![CDATA[]]></system-err>
      </testcase>
      <testcase name="Test Cases/vaksin/test case create vaksin" time="2.177" classname="Test Cases/vaksin/test case create vaksin" status="PASSED">
         <system-out><![CDATA[2022-07-01 16:18:02 - [TEST_CASE][PASSED] - Test Cases/vaksin/test case create vaksin: Test Cases/vaksin/test case create vaksin

2022-07-01 16:18:03 - [TEST_STEP][PASSED] - response = sendRequest(findTestObject("vaksin/create vaksin")): Send request successfully

2022-07-01 16:18:04 - [MESSAGE][INFO] - HAR: C:\Users\A\Katalon Studio\API Testing\Reports\20220701_161644\api testing\report\20220701_161644\requests\main\22.har

2022-07-01 16:18:04 - [MESSAGE][PASSED] - Send request successfully

2022-07-01 16:18:04 - [TEST_STEP][PASSED] - verifyResponseStatusCode(response, 200): Verify response status code successfully

2022-07-01 16:18:04 - [MESSAGE][PASSED] - Verify response status code successfully

2022-07-01 16:18:04 - [TEST_STEP][PASSED] - verifyElementPropertyValue(response, "user.email", "rs_mayasari@gmail.com"): Verify element property value successfully

2022-07-01 16:18:04 - [MESSAGE][PASSED] - Verify element property value successfully]]></system-out>
         <system-err><![CDATA[]]></system-err>
      </testcase>
      <testcase name="Test Cases/vaksin/test case deleted vaksin" time="2.184" classname="Test Cases/vaksin/test case deleted vaksin" status="PASSED">
         <system-out><![CDATA[2022-07-01 16:18:04 - [TEST_CASE][PASSED] - Test Cases/vaksin/test case deleted vaksin: Test Cases/vaksin/test case deleted vaksin

2022-07-01 16:18:05 - [TEST_STEP][PASSED] - response = sendRequest(findTestObject("vaksin/delete vaksin")): Send request successfully

2022-07-01 16:18:06 - [MESSAGE][INFO] - HAR: C:\Users\A\Katalon Studio\API Testing\Reports\20220701_161644\api testing\report\20220701_161644\requests\main\23.har

2022-07-01 16:18:06 - [MESSAGE][PASSED] - Send request successfully

2022-07-01 16:18:06 - [TEST_STEP][PASSED] - verifyResponseStatusCode(response, 200): Verify response status code successfully

2022-07-01 16:18:06 - [MESSAGE][PASSED] - Verify response status code successfully]]></system-out>
         <system-err><![CDATA[]]></system-err>
      </testcase>
      <testcase name="Test Cases/vaksin/test case update vaksin" time="2.262" classname="Test Cases/vaksin/test case update vaksin" status="PASSED">
         <system-out><![CDATA[2022-07-01 16:18:06 - [TEST_CASE][PASSED] - Test Cases/vaksin/test case update vaksin: Test Cases/vaksin/test case update vaksin

2022-07-01 16:18:07 - [TEST_STEP][PASSED] - response = sendRequest(findTestObject("vaksin/update vaksin")): Send request successfully

2022-07-01 16:18:09 - [MESSAGE][INFO] - HAR: C:\Users\A\Katalon Studio\API Testing\Reports\20220701_161644\api testing\report\20220701_161644\requests\main\24.har

2022-07-01 16:18:09 - [MESSAGE][PASSED] - Send request successfully

2022-07-01 16:18:09 - [TEST_STEP][PASSED] - verifyResponseStatusCode(response, 200): Verify response status code successfully

2022-07-01 16:18:09 - [MESSAGE][PASSED] - Verify response status code successfully

2022-07-01 16:18:09 - [TEST_STEP][PASSED] - verifyElementPropertyValue(response, "user.email", "rs_mayasari@gmail.com"): Verify element property value successfully

2022-07-01 16:18:09 - [MESSAGE][PASSED] - Verify element property value successfully]]></system-out>
         <system-err><![CDATA[]]></system-err>
      </testcase>
      <testcase name="Test Cases/vaksin/test case vaksin get data all" time="2.188" classname="Test Cases/vaksin/test case vaksin get data all" status="PASSED">
         <system-out><![CDATA[2022-07-01 16:18:09 - [TEST_CASE][PASSED] - Test Cases/vaksin/test case vaksin get data all: Test Cases/vaksin/test case vaksin get data all

2022-07-01 16:18:09 - [TEST_STEP][PASSED] - response = sendRequest(findTestObject("vaksin/vaksin get data all")): Send request successfully

2022-07-01 16:18:11 - [MESSAGE][INFO] - HAR: C:\Users\A\Katalon Studio\API Testing\Reports\20220701_161644\api testing\report\20220701_161644\requests\main\25.har

2022-07-01 16:18:11 - [MESSAGE][PASSED] - Send request successfully

2022-07-01 16:18:11 - [TEST_STEP][PASSED] - verifyResponseStatusCode(response, 200): Verify response status code successfully

2022-07-01 16:18:11 - [MESSAGE][PASSED] - Verify response status code successfully]]></system-out>
         <system-err><![CDATA[]]></system-err>
      </testcase>
      <testcase name="Test Cases/vaksin/test case vaksin get data by id" time="2.311" classname="Test Cases/vaksin/test case vaksin get data by id" status="PASSED">
         <system-out><![CDATA[2022-07-01 16:18:11 - [TEST_CASE][PASSED] - Test Cases/vaksin/test case vaksin get data by id: Test Cases/vaksin/test case vaksin get data by id

2022-07-01 16:18:12 - [TEST_STEP][PASSED] - response = sendRequest(findTestObject("vaksin/vaksin get data by id")): Send request successfully

2022-07-01 16:18:13 - [MESSAGE][INFO] - HAR: C:\Users\A\Katalon Studio\API Testing\Reports\20220701_161644\api testing\report\20220701_161644\requests\main\26.har

2022-07-01 16:18:13 - [MESSAGE][PASSED] - Send request successfully

2022-07-01 16:18:13 - [TEST_STEP][PASSED] - verifyResponseStatusCode(response, 200): Verify response status code successfully

2022-07-01 16:18:13 - [MESSAGE][PASSED] - Verify response status code successfully

2022-07-01 16:18:13 - [TEST_STEP][PASSED] - verifyElementPropertyValue(response, "user.email", "rs_flamboyan@gmail.com"): Verify element property value successfully

2022-07-01 16:18:13 - [MESSAGE][PASSED] - Verify element property value successfully]]></system-out>
         <system-err><![CDATA[]]></system-err>
      </testcase>
      <system-out><![CDATA[2022-07-01 16:16:58 - [TEST_SUITE][PASSED] - report: Test Cases/vaksin/test case vaksin get data by id]]></system-out>
      <system-err><![CDATA[]]></system-err>
   </testsuite>
</testsuites>
