<?xml version="1.0" encoding="UTF-8"?>
<testsuites name="report" time="47.163" tests="15" failures="0" errors="0">
   <testsuite name="report" tests="15" failures="0" errors="0" time="47.163" skipped="0" timestamp="2022-06-27 16:39:31" hostname="A - DESKTOP-A4RBSR0" id="Test Suites/api testing/report">
      <properties>
         <property name="deviceName" value=""/>
         <property name="devicePlatform" value=""/>
         <property name="logFolder" value="C:\\Users\\A\\Katalon Studio\\My First Web UI Project\\Reports\\20220627_163916\\api testing\\report\\20220627_163916"/>
         <property name="logFiles" value="C:\\Users\\A\\Katalon Studio\\My First Web UI Project\\Reports\\20220627_163916\\api testing\\report\\20220627_163916\\execution0.log"/>
         <property name="attachments" value=""/>
         <property name="hostName" value="A - DESKTOP-A4RBSR0"/>
         <property name="hostAddress" value="192.168.43.80"/>
         <property name="os" value="Windows 10 64bit"/>
         <property name="katalonVersion" value="8.3.5.208"/>
      </properties>
      <testcase name="Test Cases/booking/test case booking get data all" time="9.221" classname="Test Cases/booking/test case booking get data all" status="PASSED">
         <system-out><![CDATA[2022-06-27 16:39:32 - [TEST_CASE][PASSED] - Test Cases/booking/test case booking get data all: Test Cases/booking/test case booking get data all

2022-06-27 16:39:33 - [TEST_STEP][PASSED] - response = sendRequest(findTestObject("booking/booking get data all")): Send request successfully

2022-06-27 16:39:41 - [MESSAGE][INFO] - HAR: C:\Users\A\Katalon Studio\My First Web UI Project\Reports\20220627_163916\api testing\report\20220627_163916\requests\main\0.har

2022-06-27 16:39:41 - [MESSAGE][PASSED] - Send request successfully

2022-06-27 16:39:41 - [TEST_STEP][PASSED] - verifyResponseStatusCode(response, 200): Verify response status code successfully

2022-06-27 16:39:41 - [MESSAGE][PASSED] - Verify response status code successfully]]></system-out>
         <system-err><![CDATA[]]></system-err>
      </testcase>
      <testcase name="Test Cases/kelompok/test case kelompok get data all" time="2.6" classname="Test Cases/kelompok/test case kelompok get data all" status="PASSED">
         <system-out><![CDATA[2022-06-27 16:39:41 - [TEST_CASE][PASSED] - Test Cases/kelompok/test case kelompok get data all: Test Cases/kelompok/test case kelompok get data all

2022-06-27 16:39:42 - [TEST_STEP][PASSED] - response = sendRequest(findTestObject("kelompok/kelompok get data all")): Send request successfully

2022-06-27 16:39:44 - [MESSAGE][INFO] - HAR: C:\Users\A\Katalon Studio\My First Web UI Project\Reports\20220627_163916\api testing\report\20220627_163916\requests\main\1.har

2022-06-27 16:39:44 - [MESSAGE][PASSED] - Send request successfully

2022-06-27 16:39:44 - [TEST_STEP][PASSED] - verifyResponseStatusCode(response, 200): Verify response status code successfully

2022-06-27 16:39:44 - [MESSAGE][PASSED] - Verify response status code successfully]]></system-out>
         <system-err><![CDATA[]]></system-err>
      </testcase>
      <testcase name="Test Cases/schedule/test case schedule get data all" time="2.656" classname="Test Cases/schedule/test case schedule get data all" status="PASSED">
         <system-out><![CDATA[2022-06-27 16:39:44 - [TEST_CASE][PASSED] - Test Cases/schedule/test case schedule get data all: Test Cases/schedule/test case schedule get data all

2022-06-27 16:39:45 - [TEST_STEP][PASSED] - response = sendRequest(findTestObject("schedule/schedule get data all")): Send request successfully

2022-06-27 16:39:47 - [MESSAGE][INFO] - HAR: C:\Users\A\Katalon Studio\My First Web UI Project\Reports\20220627_163916\api testing\report\20220627_163916\requests\main\2.har

2022-06-27 16:39:47 - [MESSAGE][PASSED] - Send request successfully

2022-06-27 16:39:47 - [TEST_STEP][PASSED] - verifyResponseStatusCode(response, 200): Verify response status code successfully

2022-06-27 16:39:47 - [MESSAGE][PASSED] - Verify response status code successfully]]></system-out>
         <system-err><![CDATA[]]></system-err>
      </testcase>
      <testcase name="Test Cases/session/test case session get data all" time="2.43" classname="Test Cases/session/test case session get data all" status="PASSED">
         <system-out><![CDATA[2022-06-27 16:39:47 - [TEST_CASE][PASSED] - Test Cases/session/test case session get data all: Test Cases/session/test case session get data all

2022-06-27 16:39:48 - [TEST_STEP][PASSED] - response = sendRequest(findTestObject("session/session get data all")): Send request successfully

2022-06-27 16:39:49 - [MESSAGE][INFO] - HAR: C:\Users\A\Katalon Studio\My First Web UI Project\Reports\20220627_163916\api testing\report\20220627_163916\requests\main\3.har

2022-06-27 16:39:49 - [MESSAGE][PASSED] - Send request successfully

2022-06-27 16:39:49 - [TEST_STEP][PASSED] - verifyResponseStatusCode(response, 200): Verify response status code successfully

2022-06-27 16:39:49 - [MESSAGE][PASSED] - Verify response status code successfully]]></system-out>
         <system-err><![CDATA[]]></system-err>
      </testcase>
      <testcase name="Test Cases/user/test case user get data all" time="2.655" classname="Test Cases/user/test case user get data all" status="PASSED">
         <system-out><![CDATA[2022-06-27 16:39:49 - [TEST_CASE][PASSED] - Test Cases/user/test case user get data all: Test Cases/user/test case user get data all

2022-06-27 16:39:50 - [TEST_STEP][PASSED] - response = sendRequest(findTestObject("user/user get data all")): Send request successfully

2022-06-27 16:39:52 - [MESSAGE][INFO] - HAR: C:\Users\A\Katalon Studio\My First Web UI Project\Reports\20220627_163916\api testing\report\20220627_163916\requests\main\4.har

2022-06-27 16:39:52 - [MESSAGE][PASSED] - Send request successfully

2022-06-27 16:39:52 - [TEST_STEP][PASSED] - verifyResponseStatusCode(response, 200): Verify response status code successfully

2022-06-27 16:39:52 - [MESSAGE][PASSED] - Verify response status code successfully

2022-06-27 16:39:52 - [TEST_STEP][PASSED] - verifyElementPropertyValue(response, "[0].idUser", 24): Verify element property value successfully

2022-06-27 16:39:52 - [MESSAGE][PASSED] - Verify element property value successfully]]></system-out>
         <system-err><![CDATA[]]></system-err>
      </testcase>
      <testcase name="Test Cases/vaksin/test case vaksin get data all" time="2.31" classname="Test Cases/vaksin/test case vaksin get data all" status="PASSED">
         <system-out><![CDATA[2022-06-27 16:39:52 - [TEST_CASE][PASSED] - Test Cases/vaksin/test case vaksin get data all: Test Cases/vaksin/test case vaksin get data all

2022-06-27 16:39:53 - [TEST_STEP][PASSED] - response = sendRequest(findTestObject("vaksin/vaksin get data all")): Send request successfully

2022-06-27 16:39:54 - [MESSAGE][INFO] - HAR: C:\Users\A\Katalon Studio\My First Web UI Project\Reports\20220627_163916\api testing\report\20220627_163916\requests\main\5.har

2022-06-27 16:39:54 - [MESSAGE][PASSED] - Send request successfully

2022-06-27 16:39:54 - [TEST_STEP][PASSED] - verifyResponseStatusCode(response, 200): Verify response status code successfully

2022-06-27 16:39:54 - [MESSAGE][PASSED] - Verify response status code successfully]]></system-out>
         <system-err><![CDATA[]]></system-err>
      </testcase>
      <testcase name="Test Cases/user/test case user get user by id" time="2.315" classname="Test Cases/user/test case user get user by id" status="PASSED">
         <system-out><![CDATA[2022-06-27 16:39:54 - [TEST_CASE][PASSED] - Test Cases/user/test case user get user by id: Test Cases/user/test case user get user by id

2022-06-27 16:39:55 - [TEST_STEP][PASSED] - response = sendRequest(findTestObject("user/user get user by id")): Send request successfully

2022-06-27 16:39:56 - [MESSAGE][INFO] - HAR: C:\Users\A\Katalon Studio\My First Web UI Project\Reports\20220627_163916\api testing\report\20220627_163916\requests\main\6.har

2022-06-27 16:39:56 - [MESSAGE][PASSED] - Send request successfully

2022-06-27 16:39:56 - [TEST_STEP][PASSED] - verifyElementPropertyValue(response, "idUser", 24): Verify element property value successfully

2022-06-27 16:39:56 - [MESSAGE][PASSED] - Verify element property value successfully]]></system-out>
         <system-err><![CDATA[]]></system-err>
      </testcase>
      <testcase name="Test Cases/user/test case create user" time="2.609" classname="Test Cases/user/test case create user" status="PASSED">
         <system-out><![CDATA[2022-06-27 16:39:56 - [TEST_CASE][PASSED] - Test Cases/user/test case create user: Test Cases/user/test case create user

2022-06-27 16:39:57 - [TEST_STEP][PASSED] - response = sendRequest(findTestObject("user/create user", ["variable":""])): Send request successfully

2022-06-27 16:39:59 - [MESSAGE][INFO] - HAR: C:\Users\A\Katalon Studio\My First Web UI Project\Reports\20220627_163916\api testing\report\20220627_163916\requests\main\7.har

2022-06-27 16:39:59 - [MESSAGE][PASSED] - Send request successfully

2022-06-27 16:39:59 - [TEST_STEP][PASSED] - verifyResponseStatusCode(response, 200): Verify response status code successfully

2022-06-27 16:39:59 - [MESSAGE][PASSED] - Verify response status code successfully

2022-06-27 16:39:59 - [TEST_STEP][PASSED] - verifyElementPropertyValue(response, "email", "jakejohn@email.com"): Verify element property value successfully

2022-06-27 16:39:59 - [MESSAGE][PASSED] - Verify element property value successfully]]></system-out>
         <system-err><![CDATA[]]></system-err>
      </testcase>
      <testcase name="Test Cases/user/test case create health" time="2.501" classname="Test Cases/user/test case create health" status="PASSED">
         <system-out><![CDATA[2022-06-27 16:39:59 - [TEST_CASE][PASSED] - Test Cases/user/test case create health: Test Cases/user/test case create health

2022-06-27 16:40:00 - [TEST_STEP][PASSED] - response = sendRequest(findTestObject("user/create health")): Send request successfully

2022-06-27 16:40:02 - [MESSAGE][INFO] - HAR: C:\Users\A\Katalon Studio\My First Web UI Project\Reports\20220627_163916\api testing\report\20220627_163916\requests\main\8.har

2022-06-27 16:40:02 - [MESSAGE][PASSED] - Send request successfully

2022-06-27 16:40:02 - [TEST_STEP][PASSED] - verifyResponseStatusCode(response, 200): Verify response status code successfully

2022-06-27 16:40:02 - [MESSAGE][PASSED] - Verify response status code successfully

2022-06-27 16:40:02 - [TEST_STEP][PASSED] - verifyElementPropertyValue(response, "email", "rs_ceriamedika@gmail.com"): Verify element property value successfully

2022-06-27 16:40:02 - [MESSAGE][PASSED] - Verify element property value successfully]]></system-out>
         <system-err><![CDATA[]]></system-err>
      </testcase>
      <testcase name="Test Cases/user/test case update data" time="3.384" classname="Test Cases/user/test case update data" status="PASSED">
         <system-out><![CDATA[2022-06-27 16:40:02 - [TEST_CASE][PASSED] - Test Cases/user/test case update data: Test Cases/user/test case update data

2022-06-27 16:40:02 - [TEST_STEP][PASSED] - response = sendRequest(findTestObject("user/update data")): Send request successfully

2022-06-27 16:40:05 - [MESSAGE][INFO] - HAR: C:\Users\A\Katalon Studio\My First Web UI Project\Reports\20220627_163916\api testing\report\20220627_163916\requests\main\9.har

2022-06-27 16:40:05 - [MESSAGE][PASSED] - Send request successfully

2022-06-27 16:40:05 - [TEST_STEP][PASSED] - verifyResponseStatusCode(response, 200): Verify response status code successfully

2022-06-27 16:40:05 - [MESSAGE][PASSED] - Verify response status code successfully

2022-06-27 16:40:05 - [TEST_STEP][PASSED] - verifyElementPropertyValue(response, "kota", "Kalimantan"): Verify element property value successfully

2022-06-27 16:40:05 - [MESSAGE][PASSED] - Verify element property value successfully]]></system-out>
         <system-err><![CDATA[]]></system-err>
      </testcase>
      <testcase name="Test Cases/user/test case user get user by city" time="2.31" classname="Test Cases/user/test case user get user by city" status="PASSED">
         <system-out><![CDATA[2022-06-27 16:40:05 - [TEST_CASE][PASSED] - Test Cases/user/test case user get user by city: Test Cases/user/test case user get user by city

2022-06-27 16:40:06 - [TEST_STEP][PASSED] - response = sendRequest(findTestObject("user/get user by city")): Send request successfully

2022-06-27 16:40:07 - [MESSAGE][INFO] - HAR: C:\Users\A\Katalon Studio\My First Web UI Project\Reports\20220627_163916\api testing\report\20220627_163916\requests\main\10.har

2022-06-27 16:40:07 - [MESSAGE][PASSED] - Send request successfully

2022-06-27 16:40:07 - [TEST_STEP][PASSED] - verifyResponseStatusCode(response, 200): Verify response status code successfully

2022-06-27 16:40:07 - [MESSAGE][PASSED] - Verify response status code successfully

2022-06-27 16:40:07 - [TEST_STEP][PASSED] - verifyElementPropertyValue(response, "[0].kota", "Bali"): Verify element property value successfully

2022-06-27 16:40:07 - [MESSAGE][PASSED] - Verify element property value successfully]]></system-out>
         <system-err><![CDATA[]]></system-err>
      </testcase>
      <testcase name="Test Cases/kelompok/test case kelompok get data by id" time="3.3" classname="Test Cases/kelompok/test case kelompok get data by id" status="PASSED">
         <system-out><![CDATA[2022-06-27 16:40:07 - [TEST_CASE][PASSED] - Test Cases/kelompok/test case kelompok get data by id: Test Cases/kelompok/test case kelompok get data by id

2022-06-27 16:40:08 - [TEST_STEP][PASSED] - response = sendRequest(findTestObject("kelompok/get kelompok by id")): Send request successfully

2022-06-27 16:40:11 - [MESSAGE][INFO] - HAR: C:\Users\A\Katalon Studio\My First Web UI Project\Reports\20220627_163916\api testing\report\20220627_163916\requests\main\11.har

2022-06-27 16:40:11 - [MESSAGE][PASSED] - Send request successfully

2022-06-27 16:40:11 - [TEST_STEP][PASSED] - verifyResponseStatusCode(response, 200): Verify response status code successfully

2022-06-27 16:40:11 - [MESSAGE][PASSED] - Verify response status code successfully

2022-06-27 16:40:11 - [TEST_STEP][PASSED] - verifyElementPropertyValue(response, "idKelompok", 34): Verify element property value successfully

2022-06-27 16:40:11 - [MESSAGE][PASSED] - Verify element property value successfully]]></system-out>
         <system-err><![CDATA[]]></system-err>
      </testcase>
      <testcase name="Test Cases/user/test case deleted user by id" time="2.174" classname="Test Cases/user/test case deleted user by id" status="PASSED">
         <system-out><![CDATA[2022-06-27 16:40:11 - [TEST_CASE][PASSED] - Test Cases/user/test case deleted user by id: Test Cases/user/test case deleted user by id

2022-06-27 16:40:12 - [TEST_STEP][PASSED] - response = sendRequest(findTestObject("user/deleted user by id")): Send request successfully

2022-06-27 16:40:13 - [MESSAGE][INFO] - HAR: C:\Users\A\Katalon Studio\My First Web UI Project\Reports\20220627_163916\api testing\report\20220627_163916\requests\main\12.har

2022-06-27 16:40:13 - [MESSAGE][PASSED] - Send request successfully

2022-06-27 16:40:13 - [TEST_STEP][PASSED] - verifyResponseStatusCode(response, 200): Verify response status code successfully

2022-06-27 16:40:13 - [MESSAGE][PASSED] - Verify response status code successfully]]></system-out>
         <system-err><![CDATA[]]></system-err>
      </testcase>
      <testcase name="Test Cases/kelompok/test case create kelompok" time="2.318" classname="Test Cases/kelompok/test case create kelompok" status="PASSED">
         <system-out><![CDATA[2022-06-27 16:40:13 - [TEST_CASE][PASSED] - Test Cases/kelompok/test case create kelompok: Test Cases/kelompok/test case create kelompok

2022-06-27 16:40:14 - [TEST_STEP][PASSED] - response = sendRequest(findTestObject("kelompok/create kelompok")): Send request successfully

2022-06-27 16:40:15 - [MESSAGE][INFO] - HAR: C:\Users\A\Katalon Studio\My First Web UI Project\Reports\20220627_163916\api testing\report\20220627_163916\requests\main\13.har

2022-06-27 16:40:15 - [MESSAGE][PASSED] - Send request successfully

2022-06-27 16:40:15 - [TEST_STEP][PASSED] - verifyResponseStatusCode(response, 200): Verify response status code successfully

2022-06-27 16:40:15 - [MESSAGE][PASSED] - Verify response status code successfully

2022-06-27 16:40:15 - [TEST_STEP][PASSED] - verifyElementPropertyValue(response, "user.idUser", 144): Verify element property value successfully

2022-06-27 16:40:15 - [MESSAGE][PASSED] - Verify element property value successfully]]></system-out>
         <system-err><![CDATA[]]></system-err>
      </testcase>
      <testcase name="Test Cases/kelompok/test case update kelompok" time="2.727" classname="Test Cases/kelompok/test case update kelompok" status="PASSED">
         <system-out><![CDATA[2022-06-27 16:40:15 - [TEST_CASE][PASSED] - Test Cases/kelompok/test case update kelompok: Test Cases/kelompok/test case update kelompok

2022-06-27 16:40:16 - [TEST_STEP][PASSED] - response = sendRequest(findTestObject("kelompok/update kelompok")): Send request successfully

2022-06-27 16:40:18 - [MESSAGE][INFO] - HAR: C:\Users\A\Katalon Studio\My First Web UI Project\Reports\20220627_163916\api testing\report\20220627_163916\requests\main\14.har

2022-06-27 16:40:18 - [MESSAGE][PASSED] - Send request successfully

2022-06-27 16:40:18 - [TEST_STEP][PASSED] - verifyResponseStatusCode(response, 200): Verify response status code successfully

2022-06-27 16:40:18 - [MESSAGE][PASSED] - Verify response status code successfully

2022-06-27 16:40:18 - [TEST_STEP][PASSED] - verifyElementPropertyValue(response, "tlp", "090876908"): Verify element property value successfully

2022-06-27 16:40:18 - [MESSAGE][PASSED] - Verify element property value successfully]]></system-out>
         <system-err><![CDATA[]]></system-err>
      </testcase>
      <system-out><![CDATA[2022-06-27 16:39:31 - [TEST_SUITE][PASSED] - report: Test Cases/kelompok/test case update kelompok]]></system-out>
      <system-err><![CDATA[]]></system-err>
   </testsuite>
</testsuites>
