<?xml version="1.0" encoding="UTF-8"?>
<testsuites name="report" time="34.071" tests="10" failures="0" errors="0">
   <testsuite name="report" tests="10" failures="0" errors="0" time="34.071" skipped="0" timestamp="2022-06-27 15:04:41" hostname="A - DESKTOP-A4RBSR0" id="Test Suites/api testing/report">
      <properties>
         <property name="deviceName" value=""/>
         <property name="devicePlatform" value=""/>
         <property name="logFolder" value="C:\\Users\\A\\Katalon Studio\\My First Web UI Project\\Reports\\20220627_150427\\api testing\\report\\20220627_150427"/>
         <property name="logFiles" value="C:\\Users\\A\\Katalon Studio\\My First Web UI Project\\Reports\\20220627_150427\\api testing\\report\\20220627_150427\\execution0.log"/>
         <property name="attachments" value=""/>
         <property name="hostName" value="A - DESKTOP-A4RBSR0"/>
         <property name="hostAddress" value="192.168.43.80"/>
         <property name="os" value="Windows 10 64bit"/>
         <property name="katalonVersion" value="8.3.5.208"/>
      </properties>
      <testcase name="Test Cases/booking/test case booking get data all" time="9.032" classname="Test Cases/booking/test case booking get data all" status="PASSED">
         <system-out><![CDATA[2022-06-27 15:04:42 - [TEST_CASE][PASSED] - Test Cases/booking/test case booking get data all: Test Cases/booking/test case booking get data all

2022-06-27 15:04:43 - [TEST_STEP][PASSED] - response = sendRequest(findTestObject("booking/booking get data all")): Send request successfully

2022-06-27 15:04:50 - [MESSAGE][INFO] - HAR: C:\Users\A\Katalon Studio\My First Web UI Project\Reports\20220627_150427\api testing\report\20220627_150427\requests\main\0.har

2022-06-27 15:04:51 - [MESSAGE][PASSED] - Send request successfully

2022-06-27 15:04:51 - [TEST_STEP][PASSED] - verifyResponseStatusCode(response, 200): Verify response status code successfully

2022-06-27 15:04:51 - [MESSAGE][PASSED] - Verify response status code successfully]]></system-out>
         <system-err><![CDATA[]]></system-err>
      </testcase>
      <testcase name="Test Cases/kelompok/test case kelompok get data all" time="2.661" classname="Test Cases/kelompok/test case kelompok get data all" status="PASSED">
         <system-out><![CDATA[2022-06-27 15:04:51 - [TEST_CASE][PASSED] - Test Cases/kelompok/test case kelompok get data all: Test Cases/kelompok/test case kelompok get data all

2022-06-27 15:04:52 - [TEST_STEP][PASSED] - response = sendRequest(findTestObject("kelompok/kelompok get data all")): Send request successfully

2022-06-27 15:04:54 - [MESSAGE][INFO] - HAR: C:\Users\A\Katalon Studio\My First Web UI Project\Reports\20220627_150427\api testing\report\20220627_150427\requests\main\1.har

2022-06-27 15:04:54 - [MESSAGE][PASSED] - Send request successfully

2022-06-27 15:04:54 - [TEST_STEP][PASSED] - verifyResponseStatusCode(response, 200): Verify response status code successfully

2022-06-27 15:04:54 - [MESSAGE][PASSED] - Verify response status code successfully]]></system-out>
         <system-err><![CDATA[]]></system-err>
      </testcase>
      <testcase name="Test Cases/schedule/test case schedule get data all" time="2.83" classname="Test Cases/schedule/test case schedule get data all" status="PASSED">
         <system-out><![CDATA[2022-06-27 15:04:54 - [TEST_CASE][PASSED] - Test Cases/schedule/test case schedule get data all: Test Cases/schedule/test case schedule get data all

2022-06-27 15:04:55 - [TEST_STEP][PASSED] - response = sendRequest(findTestObject("schedule/schedule get data all")): Send request successfully

2022-06-27 15:04:57 - [MESSAGE][INFO] - HAR: C:\Users\A\Katalon Studio\My First Web UI Project\Reports\20220627_150427\api testing\report\20220627_150427\requests\main\2.har

2022-06-27 15:04:57 - [MESSAGE][PASSED] - Send request successfully

2022-06-27 15:04:57 - [TEST_STEP][PASSED] - verifyResponseStatusCode(response, 200): Verify response status code successfully

2022-06-27 15:04:57 - [MESSAGE][PASSED] - Verify response status code successfully]]></system-out>
         <system-err><![CDATA[]]></system-err>
      </testcase>
      <testcase name="Test Cases/session/test case session get data all" time="2.404" classname="Test Cases/session/test case session get data all" status="PASSED">
         <system-out><![CDATA[2022-06-27 15:04:57 - [TEST_CASE][PASSED] - Test Cases/session/test case session get data all: Test Cases/session/test case session get data all

2022-06-27 15:04:58 - [TEST_STEP][PASSED] - response = sendRequest(findTestObject("session/session get data all")): Send request successfully

2022-06-27 15:04:59 - [MESSAGE][INFO] - HAR: C:\Users\A\Katalon Studio\My First Web UI Project\Reports\20220627_150427\api testing\report\20220627_150427\requests\main\3.har

2022-06-27 15:04:59 - [MESSAGE][PASSED] - Send request successfully

2022-06-27 15:04:59 - [TEST_STEP][PASSED] - verifyResponseStatusCode(response, 200): Verify response status code successfully

2022-06-27 15:04:59 - [MESSAGE][PASSED] - Verify response status code successfully]]></system-out>
         <system-err><![CDATA[]]></system-err>
      </testcase>
      <testcase name="Test Cases/user/test case user get data all" time="2.492" classname="Test Cases/user/test case user get data all" status="PASSED">
         <system-out><![CDATA[2022-06-27 15:04:59 - [TEST_CASE][PASSED] - Test Cases/user/test case user get data all: Test Cases/user/test case user get data all

2022-06-27 15:05:00 - [TEST_STEP][PASSED] - response = sendRequest(findTestObject("user/user get data all")): Send request successfully

2022-06-27 15:05:01 - [MESSAGE][INFO] - HAR: C:\Users\A\Katalon Studio\My First Web UI Project\Reports\20220627_150427\api testing\report\20220627_150427\requests\main\4.har

2022-06-27 15:05:01 - [MESSAGE][PASSED] - Send request successfully

2022-06-27 15:05:01 - [TEST_STEP][PASSED] - verifyResponseStatusCode(response, 200): Verify response status code successfully

2022-06-27 15:05:01 - [MESSAGE][PASSED] - Verify response status code successfully

2022-06-27 15:05:01 - [TEST_STEP][PASSED] - verifyElementPropertyValue(response, "[0].idUser", 24): Verify element property value successfully

2022-06-27 15:05:02 - [MESSAGE][PASSED] - Verify element property value successfully]]></system-out>
         <system-err><![CDATA[]]></system-err>
      </testcase>
      <testcase name="Test Cases/vaksin/test case vaksin get data all" time="2.41" classname="Test Cases/vaksin/test case vaksin get data all" status="PASSED">
         <system-out><![CDATA[2022-06-27 15:05:02 - [TEST_CASE][PASSED] - Test Cases/vaksin/test case vaksin get data all: Test Cases/vaksin/test case vaksin get data all

2022-06-27 15:05:02 - [TEST_STEP][PASSED] - response = sendRequest(findTestObject("vaksin/vaksin get data all")): Send request successfully

2022-06-27 15:05:04 - [MESSAGE][INFO] - HAR: C:\Users\A\Katalon Studio\My First Web UI Project\Reports\20220627_150427\api testing\report\20220627_150427\requests\main\5.har

2022-06-27 15:05:04 - [MESSAGE][PASSED] - Send request successfully

2022-06-27 15:05:04 - [TEST_STEP][PASSED] - verifyResponseStatusCode(response, 200): Verify response status code successfully

2022-06-27 15:05:04 - [MESSAGE][PASSED] - Verify response status code successfully]]></system-out>
         <system-err><![CDATA[]]></system-err>
      </testcase>
      <testcase name="Test Cases/user/test case user get user by id" time="2.369" classname="Test Cases/user/test case user get user by id" status="PASSED">
         <system-out><![CDATA[2022-06-27 15:05:04 - [TEST_CASE][PASSED] - Test Cases/user/test case user get user by id: Test Cases/user/test case user get user by id

2022-06-27 15:05:05 - [TEST_STEP][PASSED] - response = sendRequest(findTestObject("user/user get user by id")): Send request successfully

2022-06-27 15:05:06 - [MESSAGE][INFO] - HAR: C:\Users\A\Katalon Studio\My First Web UI Project\Reports\20220627_150427\api testing\report\20220627_150427\requests\main\6.har

2022-06-27 15:05:06 - [MESSAGE][PASSED] - Send request successfully

2022-06-27 15:05:06 - [TEST_STEP][PASSED] - verifyElementPropertyValue(response, "idUser", 24): Verify element property value successfully

2022-06-27 15:05:06 - [MESSAGE][PASSED] - Verify element property value successfully]]></system-out>
         <system-err><![CDATA[]]></system-err>
      </testcase>
      <testcase name="Test Cases/user/test case create user" time="2.995" classname="Test Cases/user/test case create user" status="PASSED">
         <system-out><![CDATA[2022-06-27 15:05:06 - [TEST_CASE][PASSED] - Test Cases/user/test case create user: Test Cases/user/test case create user

2022-06-27 15:05:07 - [TEST_STEP][PASSED] - response = sendRequest(findTestObject("user/create user", ["variable":""])): Send request successfully

2022-06-27 15:05:09 - [MESSAGE][INFO] - HAR: C:\Users\A\Katalon Studio\My First Web UI Project\Reports\20220627_150427\api testing\report\20220627_150427\requests\main\7.har

2022-06-27 15:05:09 - [MESSAGE][PASSED] - Send request successfully

2022-06-27 15:05:09 - [TEST_STEP][PASSED] - verifyResponseStatusCode(response, 200): Verify response status code successfully

2022-06-27 15:05:09 - [MESSAGE][PASSED] - Verify response status code successfully

2022-06-27 15:05:09 - [TEST_STEP][PASSED] - verifyElementPropertyValue(response, "email", "jakejohn@email.com"): Verify element property value successfully

2022-06-27 15:05:09 - [MESSAGE][PASSED] - Verify element property value successfully]]></system-out>
         <system-err><![CDATA[]]></system-err>
      </testcase>
      <testcase name="Test Cases/user/test case create health" time="2.885" classname="Test Cases/user/test case create health" status="PASSED">
         <system-out><![CDATA[2022-06-27 15:05:10 - [TEST_CASE][PASSED] - Test Cases/user/test case create health: Test Cases/user/test case create health

2022-06-27 15:05:11 - [TEST_STEP][PASSED] - response = sendRequest(findTestObject("user/create health")): Send request successfully

2022-06-27 15:05:13 - [MESSAGE][INFO] - HAR: C:\Users\A\Katalon Studio\My First Web UI Project\Reports\20220627_150427\api testing\report\20220627_150427\requests\main\8.har

2022-06-27 15:05:13 - [MESSAGE][PASSED] - Send request successfully

2022-06-27 15:05:13 - [TEST_STEP][PASSED] - verifyResponseStatusCode(response, 200): Verify response status code successfully

2022-06-27 15:05:13 - [MESSAGE][PASSED] - Verify response status code successfully

2022-06-27 15:05:13 - [TEST_STEP][PASSED] - verifyElementPropertyValue(response, "email", "rs_ceriamedika@gmail.com"): Verify element property value successfully

2022-06-27 15:05:13 - [MESSAGE][PASSED] - Verify element property value successfully]]></system-out>
         <system-err><![CDATA[]]></system-err>
      </testcase>
      <testcase name="Test Cases/user/test case update data" time="2.3" classname="Test Cases/user/test case update data" status="PASSED">
         <system-out><![CDATA[2022-06-27 15:05:13 - [TEST_CASE][PASSED] - Test Cases/user/test case update data: Test Cases/user/test case update data

2022-06-27 15:05:13 - [TEST_STEP][PASSED] - response = sendRequest(findTestObject("user/update data")): Send request successfully

2022-06-27 15:05:15 - [MESSAGE][INFO] - HAR: C:\Users\A\Katalon Studio\My First Web UI Project\Reports\20220627_150427\api testing\report\20220627_150427\requests\main\9.har

2022-06-27 15:05:15 - [MESSAGE][PASSED] - Send request successfully

2022-06-27 15:05:15 - [TEST_STEP][PASSED] - verifyResponseStatusCode(response, 200): Verify response status code successfully

2022-06-27 15:05:15 - [MESSAGE][PASSED] - Verify response status code successfully

2022-06-27 15:05:15 - [TEST_STEP][PASSED] - verifyElementPropertyValue(response, "kota", "Kalimantan"): Verify element property value successfully

2022-06-27 15:05:15 - [MESSAGE][PASSED] - Verify element property value successfully]]></system-out>
         <system-err><![CDATA[]]></system-err>
      </testcase>
      <system-out><![CDATA[2022-06-27 15:04:41 - [TEST_SUITE][PASSED] - report: Test Cases/user/test case update data]]></system-out>
      <system-err><![CDATA[]]></system-err>
   </testsuite>
</testsuites>
