<?xml version="1.0" encoding="UTF-8"?>
<testsuites name="report" time="22.63" tests="6" failures="0" errors="0">
   <testsuite name="report" tests="6" failures="0" errors="0" time="22.63" skipped="0" timestamp="2022-06-27 12:26:26" hostname="A - DESKTOP-A4RBSR0" id="Test Suites/api testing/report">
      <properties>
         <property name="deviceName" value=""/>
         <property name="devicePlatform" value=""/>
         <property name="logFolder" value="C:\\Users\\A\\Katalon Studio\\My First Web UI Project\\Reports\\20220627_122611\\api testing\\report\\20220627_122611"/>
         <property name="logFiles" value="C:\\Users\\A\\Katalon Studio\\My First Web UI Project\\Reports\\20220627_122611\\api testing\\report\\20220627_122611\\execution0.log"/>
         <property name="attachments" value=""/>
         <property name="hostName" value="A - DESKTOP-A4RBSR0"/>
         <property name="hostAddress" value="192.168.43.80"/>
         <property name="os" value="Windows 10 64bit"/>
         <property name="katalonVersion" value="8.3.5.208"/>
      </properties>
      <testcase name="Test Cases/booking/test case booking get data all" time="8.871" classname="Test Cases/booking/test case booking get data all" status="PASSED">
         <system-out><![CDATA[2022-06-27 12:26:27 - [TEST_CASE][PASSED] - Test Cases/booking/test case booking get data all: Test Cases/booking/test case booking get data all

2022-06-27 12:26:28 - [TEST_STEP][PASSED] - response = sendRequest(findTestObject("booking/booking get data all")): Send request successfully

2022-06-27 12:26:35 - [MESSAGE][INFO] - HAR: C:\Users\A\Katalon Studio\My First Web UI Project\Reports\20220627_122611\api testing\report\20220627_122611\requests\main\0.har

2022-06-27 12:26:35 - [MESSAGE][PASSED] - Send request successfully

2022-06-27 12:26:35 - [TEST_STEP][PASSED] - verifyResponseStatusCode(response, 200): Verify response status code successfully

2022-06-27 12:26:36 - [MESSAGE][PASSED] - Verify response status code successfully

2022-06-27 12:26:36 - [TEST_STEP][PASSED] - verifyElementPropertyValue(response, "[0].idBooking", 24): Verify element property value successfully

2022-06-27 12:26:36 - [MESSAGE][PASSED] - Verify element property value successfully]]></system-out>
         <system-err><![CDATA[]]></system-err>
      </testcase>
      <testcase name="Test Cases/kelompok/test case kelompok get data all" time="2.76" classname="Test Cases/kelompok/test case kelompok get data all" status="PASSED">
         <system-out><![CDATA[2022-06-27 12:26:36 - [TEST_CASE][PASSED] - Test Cases/kelompok/test case kelompok get data all: Test Cases/kelompok/test case kelompok get data all

2022-06-27 12:26:37 - [TEST_STEP][PASSED] - response = sendRequest(findTestObject("kelompok/kelompok get data all")): Send request successfully

2022-06-27 12:26:39 - [MESSAGE][INFO] - HAR: C:\Users\A\Katalon Studio\My First Web UI Project\Reports\20220627_122611\api testing\report\20220627_122611\requests\main\1.har

2022-06-27 12:26:39 - [MESSAGE][PASSED] - Send request successfully

2022-06-27 12:26:39 - [TEST_STEP][PASSED] - verifyResponseStatusCode(response, 200): Verify response status code successfully

2022-06-27 12:26:39 - [MESSAGE][PASSED] - Verify response status code successfully

2022-06-27 12:26:39 - [TEST_STEP][PASSED] - verifyElementPropertyValue(response, "[0].idKelompok", 4): Verify element property value successfully

2022-06-27 12:26:39 - [MESSAGE][PASSED] - Verify element property value successfully]]></system-out>
         <system-err><![CDATA[]]></system-err>
      </testcase>
      <testcase name="Test Cases/schedule/test case schedule get data all" time="2.705" classname="Test Cases/schedule/test case schedule get data all" status="PASSED">
         <system-out><![CDATA[2022-06-27 12:26:39 - [TEST_CASE][PASSED] - Test Cases/schedule/test case schedule get data all: Test Cases/schedule/test case schedule get data all

2022-06-27 12:26:40 - [TEST_STEP][PASSED] - response = sendRequest(findTestObject("schedule/schedule get data all")): Send request successfully

2022-06-27 12:26:42 - [MESSAGE][INFO] - HAR: C:\Users\A\Katalon Studio\My First Web UI Project\Reports\20220627_122611\api testing\report\20220627_122611\requests\main\2.har

2022-06-27 12:26:42 - [MESSAGE][PASSED] - Send request successfully

2022-06-27 12:26:42 - [TEST_STEP][PASSED] - verifyResponseStatusCode(response, 200): Verify response status code successfully

2022-06-27 12:26:42 - [MESSAGE][PASSED] - Verify response status code successfully

2022-06-27 12:26:42 - [TEST_STEP][PASSED] - verifyElementPropertyValue(response, "[0].idSchedule", 4): Verify element property value successfully

2022-06-27 12:26:42 - [MESSAGE][PASSED] - Verify element property value successfully]]></system-out>
         <system-err><![CDATA[]]></system-err>
      </testcase>
      <testcase name="Test Cases/session/test case session get data all" time="2.344" classname="Test Cases/session/test case session get data all" status="PASSED">
         <system-out><![CDATA[2022-06-27 12:26:42 - [TEST_CASE][PASSED] - Test Cases/session/test case session get data all: Test Cases/session/test case session get data all

2022-06-27 12:26:42 - [TEST_STEP][PASSED] - response = sendRequest(findTestObject("session/session get data all")): Send request successfully

2022-06-27 12:26:44 - [MESSAGE][INFO] - HAR: C:\Users\A\Katalon Studio\My First Web UI Project\Reports\20220627_122611\api testing\report\20220627_122611\requests\main\3.har

2022-06-27 12:26:44 - [MESSAGE][PASSED] - Send request successfully

2022-06-27 12:26:44 - [TEST_STEP][PASSED] - verifyResponseStatusCode(response, 200): Verify response status code successfully

2022-06-27 12:26:44 - [MESSAGE][PASSED] - Verify response status code successfully

2022-06-27 12:26:44 - [TEST_STEP][PASSED] - verifyElementPropertyValue(response, "[0].idSession", 4): Verify element property value successfully

2022-06-27 12:26:44 - [MESSAGE][PASSED] - Verify element property value successfully]]></system-out>
         <system-err><![CDATA[]]></system-err>
      </testcase>
      <testcase name="Test Cases/user/test case user get data all" time="2.277" classname="Test Cases/user/test case user get data all" status="PASSED">
         <system-out><![CDATA[2022-06-27 12:26:44 - [TEST_CASE][PASSED] - Test Cases/user/test case user get data all: Test Cases/user/test case user get data all

2022-06-27 12:26:45 - [TEST_STEP][PASSED] - response = sendRequest(findTestObject("user/user get data all")): Send request successfully

2022-06-27 12:26:46 - [MESSAGE][INFO] - HAR: C:\Users\A\Katalon Studio\My First Web UI Project\Reports\20220627_122611\api testing\report\20220627_122611\requests\main\4.har

2022-06-27 12:26:46 - [MESSAGE][PASSED] - Send request successfully

2022-06-27 12:26:46 - [TEST_STEP][PASSED] - verifyResponseStatusCode(response, 200): Verify response status code successfully

2022-06-27 12:26:46 - [MESSAGE][PASSED] - Verify response status code successfully

2022-06-27 12:26:46 - [TEST_STEP][PASSED] - verifyElementPropertyValue(response, "[0].idUser", 4): Verify element property value successfully

2022-06-27 12:26:46 - [MESSAGE][PASSED] - Verify element property value successfully]]></system-out>
         <system-err><![CDATA[]]></system-err>
      </testcase>
      <testcase name="Test Cases/vaksin/test case vaksin get data all" time="2.371" classname="Test Cases/vaksin/test case vaksin get data all" status="PASSED">
         <system-out><![CDATA[2022-06-27 12:26:46 - [TEST_CASE][PASSED] - Test Cases/vaksin/test case vaksin get data all: Test Cases/vaksin/test case vaksin get data all

2022-06-27 12:26:47 - [TEST_STEP][PASSED] - response = sendRequest(findTestObject("vaksin/vaksin get data all")): Send request successfully

2022-06-27 12:26:49 - [MESSAGE][INFO] - HAR: C:\Users\A\Katalon Studio\My First Web UI Project\Reports\20220627_122611\api testing\report\20220627_122611\requests\main\5.har

2022-06-27 12:26:49 - [MESSAGE][PASSED] - Send request successfully

2022-06-27 12:26:49 - [TEST_STEP][PASSED] - verifyResponseStatusCode(response, 200): Verify response status code successfully

2022-06-27 12:26:49 - [MESSAGE][PASSED] - Verify response status code successfully

2022-06-27 12:26:49 - [TEST_STEP][PASSED] - verifyElementPropertyValue(response, "[0].idVaksin", 4): Verify element property value successfully

2022-06-27 12:26:49 - [MESSAGE][PASSED] - Verify element property value successfully]]></system-out>
         <system-err><![CDATA[]]></system-err>
      </testcase>
      <system-out><![CDATA[2022-06-27 12:26:26 - [TEST_SUITE][PASSED] - report: Test Cases/vaksin/test case vaksin get data all]]></system-out>
      <system-err><![CDATA[]]></system-err>
   </testsuite>
</testsuites>
