<?xml version="1.0" encoding="UTF-8"?>
<testsuites name="get all data" time="29.429" tests="1" failures="0" errors="0">
   <testsuite name="get all data" tests="1" failures="0" errors="0" time="29.429" skipped="0" timestamp="2022-06-27 10:58:12" hostname="A - DESKTOP-A4RBSR0" id="Test Suites/user/get all data">
      <properties>
         <property name="deviceName" value=""/>
         <property name="devicePlatform" value=""/>
         <property name="logFolder" value="C:\\Users\\A\\Katalon Studio\\My First Web UI Project\\Reports\\20220627_105754\\user\\get all data\\20220627_105754"/>
         <property name="logFiles" value="C:\\Users\\A\\Katalon Studio\\My First Web UI Project\\Reports\\20220627_105754\\user\\get all data\\20220627_105754\\execution0.log"/>
         <property name="attachments" value=""/>
         <property name="hostName" value="A - DESKTOP-A4RBSR0"/>
         <property name="hostAddress" value="192.168.43.80"/>
         <property name="os" value="Windows 10 64bit"/>
         <property name="katalonVersion" value="8.3.5.208"/>
      </properties>
      <testcase name="Test Cases/user/test case 01" time="28.125" classname="Test Cases/user/test case 01" status="PASSED">
         <system-out><![CDATA[2022-06-27 10:58:13 - [TEST_CASE][PASSED] - Test Cases/user/test case 01: Test Cases/user/test case 01

2022-06-27 10:58:15 - [TEST_STEP][PASSED] - a = sendRequest(findTestObject("user/New Request")): Send request successfully

2022-06-27 10:58:41 - [MESSAGE][INFO] - HAR: C:\Users\A\Katalon Studio\My First Web UI Project\Reports\20220627_105754\user\get all data\20220627_105754\requests\main\0.har

2022-06-27 10:58:41 - [MESSAGE][PASSED] - Send request successfully

2022-06-27 10:58:41 - [TEST_STEP][PASSED] - verifyResponseStatusCode(a, 200): Verify response status code successfully

2022-06-27 10:58:41 - [MESSAGE][PASSED] - Verify response status code successfully

2022-06-27 10:58:41 - [TEST_STEP][PASSED] - verifyElementPropertyValue(a, "[0].idUser", 4): Verify element property value successfully

2022-06-27 10:58:41 - [MESSAGE][PASSED] - Verify element property value successfully]]></system-out>
         <system-err><![CDATA[]]></system-err>
      </testcase>
      <system-out><![CDATA[2022-06-27 10:58:12 - [TEST_SUITE][PASSED] - get all data: Test Cases/user/test case 01]]></system-out>
      <system-err><![CDATA[]]></system-err>
   </testsuite>
</testsuites>
