<?xml version="1.0" encoding="UTF-8"?>
<testsuites name="booking" time="15.8" tests="3" failures="0" errors="0">
   <testsuite name="booking" tests="3" failures="0" errors="0" time="15.8" skipped="0" timestamp="2022-06-27 11:44:39" hostname="A - DESKTOP-A4RBSR0" id="Test Suites/api testing/booking">
      <properties>
         <property name="deviceName" value=""/>
         <property name="devicePlatform" value=""/>
         <property name="logFolder" value="C:\\Users\\A\\Katalon Studio\\My First Web UI Project\\Reports\\20220627_114424\\api testing\\booking\\20220627_114424"/>
         <property name="logFiles" value="C:\\Users\\A\\Katalon Studio\\My First Web UI Project\\Reports\\20220627_114424\\api testing\\booking\\20220627_114424\\execution0.log"/>
         <property name="attachments" value=""/>
         <property name="hostName" value="A - DESKTOP-A4RBSR0"/>
         <property name="hostAddress" value="192.168.43.80"/>
         <property name="os" value="Windows 10 64bit"/>
         <property name="katalonVersion" value="8.3.5.208"/>
      </properties>
      <testcase name="Test Cases/booking/test case booking get data all" time="9.875" classname="Test Cases/booking/test case booking get data all" status="PASSED">
         <system-out><![CDATA[2022-06-27 11:44:41 - [TEST_CASE][PASSED] - Test Cases/booking/test case booking get data all: Test Cases/booking/test case booking get data all

2022-06-27 11:44:42 - [TEST_STEP][PASSED] - response = sendRequest(findTestObject("booking/booking get data all")): Send request successfully

2022-06-27 11:44:50 - [MESSAGE][INFO] - HAR: C:\Users\A\Katalon Studio\My First Web UI Project\Reports\20220627_114424\api testing\booking\20220627_114424\requests\main\0.har

2022-06-27 11:44:50 - [MESSAGE][PASSED] - Send request successfully

2022-06-27 11:44:50 - [TEST_STEP][PASSED] - verifyResponseStatusCode(response, 200): Verify response status code successfully

2022-06-27 11:44:50 - [MESSAGE][PASSED] - Verify response status code successfully

2022-06-27 11:44:50 - [TEST_STEP][PASSED] - verifyElementPropertyValue(response, "[0].idBooking", 24): Verify element property value successfully

2022-06-27 11:44:50 - [MESSAGE][PASSED] - Verify element property value successfully]]></system-out>
         <system-err><![CDATA[]]></system-err>
      </testcase>
      <testcase name="Test Cases/user/test case user get data all" time="2.688" classname="Test Cases/user/test case user get data all" status="PASSED">
         <system-out><![CDATA[2022-06-27 11:44:51 - [TEST_CASE][PASSED] - Test Cases/user/test case user get data all: Test Cases/user/test case user get data all

2022-06-27 11:44:52 - [TEST_STEP][PASSED] - response = sendRequest(findTestObject("user/user get data all")): Send request successfully

2022-06-27 11:44:53 - [MESSAGE][INFO] - HAR: C:\Users\A\Katalon Studio\My First Web UI Project\Reports\20220627_114424\api testing\booking\20220627_114424\requests\main\1.har

2022-06-27 11:44:53 - [MESSAGE][PASSED] - Send request successfully

2022-06-27 11:44:53 - [TEST_STEP][PASSED] - verifyResponseStatusCode(response, 200): Verify response status code successfully

2022-06-27 11:44:53 - [MESSAGE][PASSED] - Verify response status code successfully

2022-06-27 11:44:53 - [TEST_STEP][PASSED] - verifyElementPropertyValue(response, "[0].idUser", 4): Verify element property value successfully

2022-06-27 11:44:53 - [MESSAGE][PASSED] - Verify element property value successfully]]></system-out>
         <system-err><![CDATA[]]></system-err>
      </testcase>
      <testcase name="Test Cases/booking/test case booking get data all" time="1.798" classname="Test Cases/booking/test case booking get data all" status="PASSED">
         <system-out><![CDATA[2022-06-27 11:44:53 - [TEST_CASE][PASSED] - Test Cases/booking/test case booking get data all: Test Cases/booking/test case booking get data all

2022-06-27 11:44:53 - [TEST_STEP][PASSED] - response = sendRequest(findTestObject("booking/booking get data all")): Send request successfully

2022-06-27 11:44:55 - [MESSAGE][INFO] - HAR: C:\Users\A\Katalon Studio\My First Web UI Project\Reports\20220627_114424\api testing\booking\20220627_114424\requests\main\2.har

2022-06-27 11:44:55 - [MESSAGE][PASSED] - Send request successfully

2022-06-27 11:44:55 - [TEST_STEP][PASSED] - verifyResponseStatusCode(response, 200): Verify response status code successfully

2022-06-27 11:44:55 - [MESSAGE][PASSED] - Verify response status code successfully

2022-06-27 11:44:55 - [TEST_STEP][PASSED] - verifyElementPropertyValue(response, "[0].idBooking", 24): Verify element property value successfully

2022-06-27 11:44:55 - [MESSAGE][PASSED] - Verify element property value successfully]]></system-out>
         <system-err><![CDATA[]]></system-err>
      </testcase>
      <system-out><![CDATA[2022-06-27 11:44:39 - [TEST_SUITE][PASSED] - booking: Test Cases/booking/test case booking get data all]]></system-out>
      <system-err><![CDATA[]]></system-err>
   </testsuite>
</testsuites>
